== Info: Host nightjet.com:443 was resolved.
== Info: IPv6: (none)
== Info: IPv4: 195.69.192.144
== Info:   Trying 195.69.192.144:443...
== Info: ALPN: curl offers h2,http/1.1
=> Send SSL data, 5 bytes (0x5)
0000: 16 03 01 06 16                                  .....
== Info: TLSv1.3 (OUT), TLS handshake, Client hello (1):
=> Send SSL data, 1558 bytes (0x616)
0000: 01 00 06 12 03 03 8e cd a2 af 9f a2 58 09 2e 01 ............X...
0010: e3 8b 37 84 30 c6 2c 76 16 e3 68 9c 8b e2 1f 9f ..7.0.,v..h.....
0020: b7 76 19 59 0c 82 20 7b 8e 9f 64 88 4f cc fe 8e .v.Y.. {..d.O...
0030: f7 ed d1 ed 28 0b 73 1c b2 a8 90 95 54 23 e5 fe ....(.s.....T#..
0040: 81 4f d2 7a 1c 5c ab 00 3c 13 02 13 03 13 01 c0 .O.z.\..<.......
0050: 2c c0 30 00 9f cc a9 cc a8 cc aa c0 2b c0 2f 00 ,.0.........+./.
0060: 9e c0 24 c0 28 00 6b c0 23 c0 27 00 67 c0 0a c0 ..$.(.k.#.'.g...
0070: 14 00 39 c0 09 c0 13 00 33 00 9d 00 9c 00 3d 00 ..9.....3.....=.
0080: 3c 00 35 00 2f 01 00 05 8d ff 01 00 01 00 00 00 <.5./...........
0090: 00 11 00 0f 00 00 0c 6e 69 67 68 74 6a 65 74 2e .......nightjet.
00a0: 63 6f 6d 00 0b 00 04 03 00 01 02 00 0a 00 12 00 com.............
00b0: 10 11 ec 00 1d 00 17 00 1e 00 18 00 19 01 00 01 ................
00c0: 01 00 10 00 0e 00 0c 02 68 32 08 68 74 74 70 2f ........h2.http/
00d0: 31 2e 31 00 16 00 00 00 17 00 00 00 31 00 00 00 1.1.........1...
00e0: 0d 00 36 00 34 09 05 09 06 09 04 04 03 05 03 06 ..6.4...........
00f0: 03 08 07 08 08 08 1a 08 1b 08 1c 08 09 08 0a 08 ................
0100: 0b 08 04 08 05 08 06 04 01 05 01 06 01 03 03 03 ................
0110: 01 03 02 04 02 05 02 06 02 00 2b 00 05 04 03 04 ..........+.....
0120: 03 03 00 2d 00 02 01 01 00 33 04 ea 04 e8 11 ec ...-.....3......
0130: 04 c0 d0 17 8b 84 a5 17 98 ec c3 b3 e6 c6 96 67 ...............g
0140: 74 68 80 62 79 58 7a d1 60 7d a6 82 4b bb 45 c4 th.byXz.`}..K.E.
0150: 59 82 13 b4 89 0c 5e b8 a5 35 61 ab a3 8c 1e 42 Y.....^..5a....B
0160: 26 3f a8 ba 29 8e 23 7b 75 2a b2 73 e0 9e 9c 47 &?..).#{u*.s...G
0170: 2b f9 73 88 6d 44 3e f2 14 6c 44 99 07 f4 50 a6 +.s.mD>..lD...P.
0180: 23 a4 25 31 50 0b dd d8 89 4e cc 16 26 02 82 37 #.%1P....N..&..7
0190: fb 12 9c 56 56 92 bc 4f 83 da 6b 39 81 6d 00 28 ...VV..O..k9.m.(
01a0: 54 e1 53 53 41 23 62 e5 18 75 7e c6 2b 69 1c 1a T.SSA#b..u~.+i..
01b0: c5 cc 5a 78 8a 73 e4 36 b3 77 68 80 61 a7 3c 65 ..Zx.s.6.wh.a.<e
01c0: 4a a4 58 3c 68 a3 33 4e c7 d3 1e 65 57 22 92 36 J.X<h.3N...eW".6
01d0: 14 3b c6 71 d5 c1 34 64 43 0f 22 81 77 33 dc 4a .;.q..4dC.".w3.J
01e0: 18 57 08 91 37 12 a6 87 54 b6 75 b7 26 4b 19 70 .W..7...T.u.&K.p
01f0: f4 5a a3 4c 52 91 91 63 76 12 29 c3 f3 cf c7 dc .Z.LR..cv.).....
0200: a9 c9 61 1a 33 61 27 54 a0 46 26 66 2d c4 10 49 ..a.3a'T.F&f-..I
0210: 2f d0 26 e9 c8 99 ec 51 8b 07 ac 4c e1 d7 0e 4d /.&....Q...L...M
0220: 71 64 8f 01 51 29 bb 6a bd 43 19 80 e3 b4 ef d5 qd..Q).j.C......
0230: 8b 09 52 1f ac 6a 50 72 e9 c8 34 c8 10 c0 d4 58 ..R..jPr..4....X
0240: fd 77 a7 19 fa 53 ef 6b 97 8a e0 6a ba f0 17 e2 .w...S.k...j....
0250: 4a c3 f0 81 0c 9d 1a 67 6f 1b 60 00 7b 9e 2c a8 J......go.`.{.,.
0260: 70 73 c5 bb f7 a7 47 1d 01 1d be fc 2b e6 a6 30 ps....G.....+..0
0270: 97 06 cb 62 c8 b2 4c a6 7c 25 6b 28 ae 17 6c 40 ...b..L.|%k(..l@
0280: e6 57 5b 37 c5 02 83 a6 2f 87 04 06 65 3c 36 d7 .W[7..../...e<6.
0290: 4b de a2 9c c7 f4 34 81 15 43 fc 24 ae 57 9c 68 K.....4..C.$.W.h
02a0: 96 52 32 8c 65 98 14 ca 9f 60 29 b3 0a d1 49 b6 .R2.e....`)...I.
02b0: 24 22 95 9a 57 8e 71 b4 be 39 aa b9 56 2e 00 84 $"..W.q..9..V...
02c0: 74 70 9c 10 10 e9 9d cd d8 5f 20 f1 c3 98 c7 64 tp......._ ....d
02d0: c3 71 bb 54 29 28 b5 2c 39 e1 12 71 c6 d3 8a 17 .q.T)(.,9..q....
02e0: 9c b0 47 70 09 b1 51 87 12 81 62 19 0a 00 16 14 ..Gp..Q...b.....
02f0: 54 63 fa 23 db d4 b2 71 8b 32 05 e4 3c 7c b8 4e Tc.#...q.2..<|.N
0300: a7 1c 64 17 94 20 68 13 bb ef e1 88 76 cb 98 39 ..d.. h.....v..9
0310: 3b a5 dd d0 69 37 79 37 4c 18 34 09 cc 7d 88 d4 ;...i7y7L.4..}..
0320: 06 3d 16 72 7e d9 af b4 c5 9b 31 f8 13 33 b8 64 .=.r~.....1..3.d
0330: b6 f0 66 fb e5 3a cf d7 73 61 6b 2c 7b 22 6e cd ..f..:..sak,{"n.
0340: b3 3b a6 d3 6b ad 62 1e d1 f0 13 b0 49 37 d6 56 .;..k.b.....I7.V
0350: 52 1c 36 9b ef 50 08 23 5c cb 96 59 b7 29 f6 28 R.6..P.#\..Y.).(
0360: c3 ba 97 1d bc 4f 74 e6 6b 7c 6b 06 2a 57 88 9c .....Ot.k|k.*W..
0370: 50 26 47 58 af 12 e4 bd 8d 84 52 3e 4a 5a ce 4b P&GX......R>JZ.K
0380: c9 a5 77 34 5f a3 1c 5c bc 3e d0 25 2f 8f e0 8c ..w4_..\.>.%/...
0390: 11 da 0e eb d0 3c 1e 8b bc d4 1a 72 c2 c8 34 0d .....<.....r..4.
03a0: db 17 fe 73 9f 8a 6a 10 37 83 44 85 03 ca bf 41 ...s..j.7.D....A
03b0: c4 df ac b7 7e 65 12 9d a1 23 bd 4b 20 15 10 1b ....~e...#.K ...
03c0: a7 f1 79 11 35 b4 7c ba 76 20 09 47 e2 91 65 f5 ..y.5.|.v .G..e.
03d0: a4 23 f9 b8 30 e8 52 69 95 22 75 9c bb 64 97 69 .#..0.Ri."u..d.i
03e0: 49 50 f2 99 af 6b 36 aa c3 24 b9 43 51 32 4b 7e IP...k6..$.CQ2K~
03f0: cd 5c 46 97 68 70 95 d8 49 04 65 45 6e b8 27 fd .\F.hp..I.eEn.'.
0400: eb c7 fa d0 76 13 43 c1 96 b9 02 d7 95 ce 7c c0 ....v.C.......|.
0410: ae 64 b2 39 87 02 12 73 bc 3b 04 e0 2c b7 11 99 .d.9...s.;..,...
0420: c1 fc 70 ad 1b a3 e7 2b a4 78 03 b4 0e f9 9c ac ..p....+.x......
0430: 65 b8 97 e9 4f bd f2 69 87 49 a6 49 88 24 b1 54 e...O..i.I.I.$.T
0440: 74 a1 27 68 fc f1 cb 2a b0 48 29 99 90 94 a4 28 t.'h...*.H)....(
0450: 31 62 88 4f b1 6d 14 77 2b 88 0c 8b 41 ab 7f 5d 1b.O.m.w+...A..]
0460: 2b b2 b1 0c a6 6a 22 6c bc 0c 15 c8 b0 12 17 28 +....j"l.......(
0470: b8 b3 01 7b 6c 5b cb 13 15 6e 40 19 b4 d4 88 6f ...{l[...n@....o
0480: f2 07 91 1e f4 4a fd f4 69 70 c1 84 60 7b 2a b9 .....J..ip..`{*.
0490: 09 57 99 70 8c 54 d5 7d e7 a3 8c e1 42 46 ee 3c .W.p.T.}....BF.<
04a0: 82 38 d5 03 ab 88 02 fb 1c c1 3f 0b 4f 24 87 9e .8........?.O$..
04b0: b3 c9 2c 89 21 8e ee b8 00 3f d0 85 d1 58 37 93 ..,.!....?...X7.
04c0: 07 54 43 40 8a 36 42 3b 79 d6 32 29 cc 46 a0 78 .TC@.6B;y.2).F.x
04d0: 51 e3 7b 59 d3 18 40 ae 9c 54 6d 09 2f 2f 9c 1b Q.{Y..@..Tm.//..
04e0: c3 93 37 17 a0 5c b4 eb 25 34 53 5e f3 e6 2c a2 ..7..\..%4S^..,.
04f0: 6c 4e c1 04 5e 69 e5 0e 7c 5a 93 f9 2c 85 d6 b4 lN..^i..|Z..,...
0500: 1d 84 20 9b 0e 22 0f 05 14 67 e0 dc 8b 43 19 ce .. .."...g...C..
0510: 09 b2 24 3e 57 23 e5 96 ae 9a 38 c0 8c b1 ce bf ..$>W#....8.....
0520: a5 01 5a 28 c9 b0 23 8f 27 b8 6f f6 b7 5f 28 07 ..Z(..#.'.o.._(.
0530: 4f a0 98 3d 7a b6 11 f2 23 80 a0 f1 8c 47 77 25 O..=z...#....Gw%
0540: 9c 6b 63 38 e2 25 54 c6 77 4c b5 6a 57 87 b3 92 .kc8.%T.wL.jW...
0550: b7 92 3e 37 26 01 a3 3d 7b 79 85 16 cb c6 ea 92 ..>7&..={y......
0560: 7d 9c 19 1f 9e 97 8b 2a 17 60 11 04 be b4 50 62 }......*.`....Pb
0570: 4b 56 a4 40 5b 6f e2 d4 8f f4 10 87 9e bb 87 80 KV.@[o..........
0580: 40 70 a8 e9 26 fa 90 ba 3a 09 2c 1b 11 ba 30 d3 @p..&...:.,...0.
0590: c1 69 a6 93 e2 d1 89 ba 3a 5e d3 35 ca d5 94 15 .i......:^.5....
05a0: a0 ec 63 b0 aa 81 85 77 66 8d 69 b9 13 d8 13 9b ..c....wf.i.....
05b0: 05 94 8f 47 88 b5 a1 13 af d7 74 43 15 c5 fb 68 ...G......tC...h
05c0: 38 e1 83 e1 5a ae 35 53 fa 3c d8 20 18 52 14 37 8...Z.5S.<. .R.7
05d0: 31 98 79 a1 b0 fd 95 b5 6e 11 11 e1 54 f3 63 66 1.y.....n...T.cf
05e0: 37 7c 64 dc df f6 8e 41 ee e0 6d b6 6f 7c 7d e7 7|d....A..m.o|}.
05f0: d2 33 00 1d 00 20 b4 1d 34 4a 19 10 1a 8f 3b 79 .3... ..4J....;y
0600: f8 20 ed c9 aa d4 01 bf c3 28 f7 56 50 ca b4 0c . .......(.VP...
0610: 45 b7 58 be 81 44                               E.X..D
== Info:  CAfile: /etc/ssl/certs/ca-certificates.crt
== Info:  CApath: none
<= Recv SSL data, 5 bytes (0x5)
0000: 16 03 03 10 e7                                  .....
== Info: TLSv1.3 (IN), TLS handshake, Server hello (2):
<= Recv SSL data, 106 bytes (0x6a)
0000: 02 00 00 66 03 03 68 9a 32 8c c7 0f 09 fd 1a d9 ...f..h.2.......
0010: 8a 0d 17 16 6d fe 16 05 4f 3f 9b 40 e3 5c fe c7 ....m...O?.@.\..
0020: 4f a3 d3 16 fc 24 20 22 2a f8 78 e9 89 93 8e 72 O....$ "*.x....r
0030: a9 20 dc 11 ba 69 32 5b e3 32 09 4b 18 23 06 a9 . ...i2[.2.K.#..
0040: e1 6a ee 7a 27 41 12 c0 30 00 00 1e 00 00 00 00 .j.z'A..0.......
0050: ff 01 00 01 00 00 10 00 0b 00 09 08 68 74 74 70 ............http
0060: 2f 31 2e 31 00 0b 00 02 01 00                   /1.1......
== Info: TLSv1.2 (IN), TLS handshake, Certificate (11):
<= Recv SSL data, 4221 bytes (0x107d)
0000: 0b 00 10 79 00 10 76 00 07 e3 30 82 07 df 30 82 ...y..v...0...0.
0010: 06 c7 a0 03 02 01 02 02 10 06 5b 7f c5 dd ae 6b ..........[....k
0020: c9 5a 51 ae 71 ed 37 2a 36 30 0d 06 09 2a 86 48 .ZQ.q.7*60...*.H
0030: 86 f7 0d 01 01 0b 05 00 30 59 31 0b 30 09 06 03 ........0Y1.0...
0040: 55 04 06 13 02 55 53 31 15 30 13 06 03 55 04 0a U....US1.0...U..
0050: 13 0c 44 69 67 69 43 65 72 74 20 49 6e 63 31 33 ..DigiCert Inc13
0060: 30 31 06 03 55 04 03 13 2a 44 69 67 69 43 65 72 01..U...*DigiCer
0070: 74 20 47 6c 6f 62 61 6c 20 47 32 20 54 4c 53 20 t Global G2 TLS 
0080: 52 53 41 20 53 48 41 32 35 36 20 32 30 32 30 20 RSA SHA256 2020 
0090: 43 41 31 30 1e 17 0d 32 34 30 39 31 33 30 30 30 CA10...240913000
00a0: 30 30 30 5a 17 0d 32 35 30 39 31 38 32 33 35 39 000Z..2509182359
00b0: 35 39 5a 30 64 31 0b 30 09 06 03 55 04 06 13 02 59Z0d1.0...U....
00c0: 41 54 31 0d 30 0b 06 03 55 04 07 13 04 57 69 65 AT1.0...U....Wie
00d0: 6e 31 2d 30 2b 06 03 55 04 0a 0c 24 c3 96 42 42 n1-0+..U...$..BB
00e0: 2d 42 75 73 69 6e 65 73 73 20 43 6f 6d 70 65 74 -Business Compet
00f0: 65 6e 63 65 20 43 65 6e 74 65 72 20 47 6d 62 48 ence Center GmbH
0100: 31 17 30 15 06 03 55 04 03 0c 0e 2a 2e 6e 69 67 1.0...U....*.nig
0110: 68 74 6a 65 74 2e 63 6f 6d 30 82 02 22 30 0d 06 htjet.com0.."0..
0120: 09 2a 86 48 86 f7 0d 01 01 01 05 00 03 82 02 0f .*.H............
0130: 00 30 82 02 0a 02 82 02 01 00 a4 de 3e 31 2b c5 .0..........>1+.
0140: de 2d c2 19 ed 68 0e 2a 58 b7 ea 39 2a 12 2f 3b .-...h.*X..9*./;
0150: 9a 14 a4 ff 40 6a ab 69 d4 c4 d5 6b d7 a6 95 3f ....@j.i...k...?
0160: 73 7d b1 ea 9d 15 dd 51 5e 67 32 d0 8f 42 d1 e3 s}.....Q^g2..B..
0170: be d9 ce db c9 78 12 e5 7b 1b b9 d5 4c bc cd c0 .....x..{...L...
0180: 14 ea da 70 e8 fa ea 70 75 bb 38 3e d3 08 bf 7c ...p...pu.8>...|
0190: 86 d1 ff c0 8d 82 93 9c 03 bf 36 c9 d1 ce e2 27 ..........6....'
01a0: 94 d6 61 89 18 22 ef 44 71 3b ba fc 4d 70 d2 75 ..a..".Dq;..Mp.u
01b0: 0d 09 82 db 0a 78 57 c9 82 1b a3 cd b8 13 d8 14 .....xW.........
01c0: e2 57 95 2a 5c 04 e0 e1 67 47 22 d7 85 2e cc e6 .W.*\...gG".....
01d0: 0e 87 80 4c 5c 72 d7 1b 95 3e e7 e5 88 1e 39 49 ...L\r...>....9I
01e0: 40 ff f7 8a c8 5c ea f6 6d b9 9d 5e 98 a4 d4 bf @....\..m..^....
01f0: b6 9b 16 29 f6 bb 49 11 ca cc b7 ed d7 2b 00 45 ...)..I......+.E
0200: 1e ae 42 e2 62 51 df be 59 17 d0 e2 51 ec 1c 4b ..B.bQ..Y...Q..K
0210: cb 98 79 87 d5 ae 68 03 a1 74 d2 e5 27 23 35 8b ..y...h..t..'#5.
0220: 80 5e c0 aa c9 a7 5b ec 8a 1e fa a1 f8 67 af d2 .^....[......g..
0230: 95 32 c2 29 63 bc fd 64 8e 41 ba 5a 53 3f 60 5e .2.)c..d.A.ZS?`^
0240: 92 ee 04 61 c2 e9 31 3c 4c d7 46 ca 8c 85 cf 52 ...a..1<L.F....R
0250: 9f 3b f4 c9 b1 e6 68 d6 69 e5 5d da a4 e0 a3 0b .;....h.i.].....
0260: 4f 33 07 8f 3b 59 89 02 26 53 ba 1c 53 cc ee e9 O3..;Y..&S..S...
0270: c9 8c 8c a2 95 3f 5b d8 80 b6 21 d2 e1 2f b4 47 .....?[...!../.G
0280: c0 55 d9 09 b3 43 8d 03 2f 34 c3 41 52 7b d9 f8 .U...C../4.AR{..
0290: 3b f3 b8 d3 16 76 b7 d9 91 2a 89 03 52 6a dd 3a ;....v...*..Rj.:
02a0: cb a6 3e 72 67 dc 44 36 3d 53 11 25 7b 1d 5d 03 ..>rg.D6=S.%{.].
02b0: eb 54 a5 ed 5e a3 06 4f fb 7d ed ea 66 5f 94 b3 .T..^..O.}..f_..
02c0: a5 6e 9a 67 53 16 59 82 dc 7f 96 d5 6a 81 42 52 .n.gS.Y.....j.BR
02d0: 15 5a 31 70 3c c1 ca c5 ce 52 75 55 c1 58 f0 80 .Z1p<....RuU.X..
02e0: 2d f6 21 13 bc c0 67 c9 78 e2 45 ab ec 29 3e 80 -.!...g.x.E..)>.
02f0: 4a 14 2b f3 88 63 f6 19 6a 35 18 53 5a b9 5b 60 J.+..c..j5.SZ.[`
0300: 8d a1 be 13 4c 53 48 e4 ed 71 bb 03 2f b6 ee 8c ....LSH..q../...
0310: cb 1a 31 0b ca 77 e4 26 4e cb 84 20 fe a8 d9 18 ..1..w.&N.. ....
0320: 07 9e f1 39 fb 6e b8 c3 14 ad f7 52 c3 fc d4 7c ...9.n.....R...|
0330: 85 42 88 de 1a af ce 4d 8f 4b 02 03 01 00 01 a3 .B.....M.K......
0340: 82 03 96 30 82 03 92 30 1f 06 03 55 1d 23 04 18 ...0...0...U.#..
0350: 30 16 80 14 74 85 80 c0 66 c7 df 37 de cf bd 29 0...t...f..7...)
0360: 37 aa 03 1d be ed cd 17 30 1d 06 03 55 1d 0e 04 7.......0...U...
0370: 16 04 14 a6 c5 a0 2e fb 1d fd c6 7a 0a 16 f4 08 ...........z....
0380: fa 1c c7 18 31 6e 89 30 27 06 03 55 1d 11 04 20 ....1n.0'..U... 
0390: 30 1e 82 0e 2a 2e 6e 69 67 68 74 6a 65 74 2e 63 0...*.nightjet.c
03a0: 6f 6d 82 0c 6e 69 67 68 74 6a 65 74 2e 63 6f 6d om..nightjet.com
03b0: 30 3e 06 03 55 1d 20 04 37 30 35 30 33 06 06 67 0>..U. .70503..g
03c0: 81 0c 01 02 02 30 29 30 27 06 08 2b 06 01 05 05 .....0)0'..+....
03d0: 07 02 01 16 1b 68 74 74 70 3a 2f 2f 77 77 77 2e .....http://www.
03e0: 64 69 67 69 63 65 72 74 2e 63 6f 6d 2f 43 50 53 digicert.com/CPS
03f0: 30 0e 06 03 55 1d 0f 01 01 ff 04 04 03 02 05 a0 0...U...........
0400: 30 1d 06 03 55 1d 25 04 16 30 14 06 08 2b 06 01 0...U.%..0...+..
0410: 05 05 07 03 01 06 08 2b 06 01 05 05 07 03 02 30 .......+.......0
0420: 81 9f 06 03 55 1d 1f 04 81 97 30 81 94 30 48 a0 ....U.....0..0H.
0430: 46 a0 44 86 42 68 74 74 70 3a 2f 2f 63 72 6c 33 F.D.Bhttp://crl3
0440: 2e 64 69 67 69 63 65 72 74 2e 63 6f 6d 2f 44 69 .digicert.com/Di
0450: 67 69 43 65 72 74 47 6c 6f 62 61 6c 47 32 54 4c giCertGlobalG2TL
0460: 53 52 53 41 53 48 41 32 35 36 32 30 32 30 43 41 SRSASHA2562020CA
0470: 31 2d 31 2e 63 72 6c 30 48 a0 46 a0 44 86 42 68 1-1.crl0H.F.D.Bh
0480: 74 74 70 3a 2f 2f 63 72 6c 34 2e 64 69 67 69 63 ttp://crl4.digic
0490: 65 72 74 2e 63 6f 6d 2f 44 69 67 69 43 65 72 74 ert.com/DigiCert
04a0: 47 6c 6f 62 61 6c 47 32 54 4c 53 52 53 41 53 48 GlobalG2TLSRSASH
04b0: 41 32 35 36 32 30 32 30 43 41 31 2d 31 2e 63 72 A2562020CA1-1.cr
04c0: 6c 30 81 87 06 08 2b 06 01 05 05 07 01 01 04 7b l0....+........{
04d0: 30 79 30 24 06 08 2b 06 01 05 05 07 30 01 86 18 0y0$..+.....0...
04e0: 68 74 74 70 3a 2f 2f 6f 63 73 70 2e 64 69 67 69 http://ocsp.digi
04f0: 63 65 72 74 2e 63 6f 6d 30 51 06 08 2b 06 01 05 cert.com0Q..+...
0500: 05 07 30 02 86 45 68 74 74 70 3a 2f 2f 63 61 63 ..0..Ehttp://cac
0510: 65 72 74 73 2e 64 69 67 69 63 65 72 74 2e 63 6f erts.digicert.co
0520: 6d 2f 44 69 67 69 43 65 72 74 47 6c 6f 62 61 6c m/DigiCertGlobal
0530: 47 32 54 4c 53 52 53 41 53 48 41 32 35 36 32 30 G2TLSRSASHA25620
0540: 32 30 43 41 31 2d 31 2e 63 72 74 30 0c 06 03 55 20CA1-1.crt0...U
0550: 1d 13 01 01 ff 04 02 30 00 30 82 01 7c 06 0a 2b .......0.0..|..+
0560: 06 01 04 01 d6 79 02 04 02 04 82 01 6c 04 82 01 .....y......l...
0570: 68 01 66 00 76 00 12 f1 4e 34 bd 53 72 4c 84 06 h.f.v...N4.SrL..
0580: 19 c3 8f 3f 7a 13 f8 e7 b5 62 87 88 9c 6d 30 05 ...?z....b...m0.
0590: 84 eb e5 86 26 3a 00 00 01 91 ea 39 42 09 00 00 ....&:.....9B...
05a0: 04 03 00 47 30 45 02 20 4b c2 a0 bf 16 ad 4a 4a ...G0E. K.....JJ
05b0: e9 e1 6e 58 02 5d 14 7b 0f 65 14 30 00 da b6 6e ..nX.].{.e.0...n
05c0: 5a f7 fc fd d2 42 da a4 02 21 00 d1 0c 95 a6 8b Z....B...!......
05d0: 5a 88 97 96 9d 7a 5c 2b 75 fd 35 3f f7 34 9a 30 Z....z\+u.5?.4.0
05e0: d4 17 44 95 53 7b 62 75 13 04 2d 00 76 00 7d 59 ..D.S{bu..-.v.}Y
05f0: 1e 12 e1 78 2a 7b 1c 61 67 7c 5e fd f8 d0 87 5c ...x*{.ag|^....\
0600: 14 a0 4e 95 9e b9 03 2f d9 0e 8c 2e 79 b8 00 00 ..N..../....y...
0610: 01 91 ea 39 41 cc 00 00 04 03 00 47 30 45 02 21 ...9A......G0E.!
0620: 00 8e 17 d7 b5 76 d7 d2 f1 5c 94 bc 96 34 f6 53 .....v...\...4.S
0630: 96 d4 dd e7 0a d7 9b 08 17 1a f5 3c f2 7d ad 6a ...........<.}.j
0640: 19 02 20 72 1f d7 fe 86 5e be b2 1b 76 d8 b3 06 .. r....^...v...
0650: 0d 8e 33 09 e0 f3 65 b1 3d 9f 2b 95 6a 7b a2 0e ..3...e.=.+.j{..
0660: 2c 12 1f 00 74 00 e6 d2 31 63 40 77 8c c1 10 41 ,...t...1c@w...A
0670: 06 d7 71 b9 ce c1 d2 40 f6 96 84 86 fb ba 87 32 ..q....@.......2
0680: 1d fd 1e 37 8e 50 00 00 01 91 ea 39 41 e3 00 00 ...7.P.....9A...
0690: 04 03 00 45 30 43 02 1f 1a 72 c6 2f c6 b3 ea ce ...E0C...r./....
06a0: fc 3e c4 28 8d cb 8e 2e c6 f3 39 9b 46 7c 4a ae .>.(......9.F|J.
06b0: c0 79 f7 6c 4d f5 4c 02 20 59 b5 63 76 06 2e 79 .y.lM.L. Y.cv..y
06c0: 93 02 09 cb 9f 6e 41 4a 55 f8 1a 7d 6a 01 dc 27 .....nAJU..}j..'
06d0: c3 b9 33 28 1c 5c 1d 29 fe 30 0d 06 09 2a 86 48 ..3(.\.).0...*.H
06e0: 86 f7 0d 01 01 0b 05 00 03 82 01 01 00 30 76 06 .............0v.
06f0: 1b 23 24 1a 96 e0 70 1b 90 a4 80 a8 2b 2d 54 de .#$...p.....+-T.
0700: 71 57 b1 51 64 e0 7e 83 a1 e6 5e 93 79 7e bc c7 qW.Qd.~...^.y~..
0710: 89 21 71 e3 79 7f 1a 4a fa a4 f8 cc a3 f3 d2 4f .!q.y..J.......O
0720: 01 63 a7 aa fa e2 8d 72 97 bc cb b2 6b 1c 3b 37 .c.....r....k.;7
0730: 30 6e ff d8 fe da 63 9c 9e b3 ff 65 b9 cb 68 7f 0n....c....e..h.
0740: 14 a0 f6 27 52 ef 1c c9 fb 91 74 f6 89 5e b9 bb ...'R.....t..^..
0750: 76 bb 80 6b 89 2d 96 83 44 48 d1 4e ee 43 84 82 v..k.-..DH.N.C..
0760: f7 8d 24 b4 be 16 46 15 1c 28 e4 fc f0 b2 86 c3 ..$...F..(......
0770: 1c 1b 9c 9b 40 db 1e cc 89 f5 94 df 7a 63 e9 b0 ....@.......zc..
0780: 40 d1 e9 74 81 ea b6 c0 de 65 dc c7 eb 0b ec 76 @..t.....e.....v
0790: cd dc 24 d0 e3 ea 87 e5 82 4e 72 cf f3 11 aa 53 ..$......Nr....S
07a0: fd fe 04 f3 6a c7 a0 3a 51 77 7c 3b 55 7d c0 45 ....j..:Qw|;U}.E
07b0: bd 84 cb 71 da 48 a5 39 7e 53 b9 18 68 b1 a2 51 ...q.H.9~S..h..Q
07c0: 6b 50 2d 59 2e dc 4b 4f 01 cc 48 5a 9d 86 fc 75 kP-Y..KO..HZ...u
07d0: be 1f f3 45 f0 72 3f 2a 69 be ab 26 9c 40 35 ad ...E.r?*i..&.@5.
07e0: 8c a4 09 fd 43 b6 5b ad e3 29 77 33 4a 00 04 f8 ....C.[..)w3J...
07f0: 30 82 04 f4 30 82 03 dc a0 03 02 01 02 02 10 08 0...0...........
0800: 5f 94 c0 2d 85 7b e8 cc 14 ff 53 ed a2 3e 2a 30 _..-.{....S..>*0
0810: 0d 06 09 2a 86 48 86 f7 0d 01 01 0b 05 00 30 61 ...*.H........0a
0820: 31 0b 30 09 06 03 55 04 06 13 02 55 53 31 15 30 1.0...U....US1.0
0830: 13 06 03 55 04 0a 13 0c 44 69 67 69 43 65 72 74 ...U....DigiCert
0840: 20 49 6e 63 31 19 30 17 06 03 55 04 0b 13 10 77  Inc1.0...U....w
0850: 77 77 2e 64 69 67 69 63 65 72 74 2e 63 6f 6d 31 ww.digicert.com1
0860: 20 30 1e 06 03 55 04 03 13 17 44 69 67 69 43 65  0...U....DigiCe
0870: 72 74 20 47 6c 6f 62 61 6c 20 52 6f 6f 74 20 47 rt Global Root G
0880: 32 30 1e 17 0d 32 30 30 39 32 34 30 30 30 30 30 20...20092400000
0890: 30 5a 17 0d 33 30 30 39 32 33 32 33 35 39 35 39 0Z..300923235959
08a0: 5a 30 59 31 0b 30 09 06 03 55 04 06 13 02 55 53 Z0Y1.0...U....US
08b0: 31 15 30 13 06 03 55 04 0a 13 0c 44 69 67 69 43 1.0...U....DigiC
08c0: 65 72 74 20 49 6e 63 31 33 30 31 06 03 55 04 03 ert Inc1301..U..
08d0: 13 2a 44 69 67 69 43 65 72 74 20 47 6c 6f 62 61 .*DigiCert Globa
08e0: 6c 20 47 32 20 54 4c 53 20 52 53 41 20 53 48 41 l G2 TLS RSA SHA
08f0: 32 35 36 20 32 30 32 30 20 43 41 31 30 82 01 22 256 2020 CA10.."
0900: 30 0d 06 09 2a 86 48 86 f7 0d 01 01 01 05 00 03 0...*.H.........
0910: 82 01 0f 00 30 82 01 0a 02 82 01 01 00 cc f7 10 ....0...........
0920: 62 4f a6 bb 63 6f ed 90 52 56 c5 6d 27 7b 7a 12 bO..co..RV.m'{z.
0930: 56 8a f1 f4 f9 d6 e7 e1 8f bd 95 ab f2 60 41 15 V............`A.
0940: 70 db 12 00 fa 27 0a b5 57 38 5b 7d b2 51 93 71 p....'..W8[}.Q.q
0950: 95 0e 6a 41 94 5b 35 1b fa 7b fa bb c5 be 24 30 ..jA.[5..{....$0
0960: fe 56 ef c4 f3 7d 97 e3 14 f5 14 4d cb a7 10 f2 .V...}.....M....
0970: 16 ea ab 22 f0 31 22 11 61 69 90 26 ba 78 d9 97 ...".1".ai.&.x..
0980: 1f e3 7d 66 ab 75 44 95 73 c8 ac ff ef 5d 0a 8a ..}f.uD.s....]..
0990: 59 43 e1 ac b2 3a 0f f3 48 fc d7 6b 37 c1 63 dc YC...:..H..k7.c.
09a0: de 46 d6 db 45 fe 7d 23 fd 90 e8 51 07 1e 51 a3 .F..E.}#...Q..Q.
09b0: 5f ed 49 46 54 7f 2c 88 c5 f4 13 9c 97 15 3c 03 _.IFT.,.......<.
09c0: e8 a1 39 dc 69 0c 32 c1 af 16 57 4c 94 47 42 7c ..9.i.2...WL.GB|
09d0: a2 c8 9c 7d e6 d4 4d 54 af 42 99 a8 c1 04 c2 77 ...}..MT.B.....w
09e0: 9c d6 48 e4 ce 11 e0 2a 80 99 f0 43 70 cf 3f 76 ..H....*...Cp.?v
09f0: 6b d1 4c 49 ab 24 5e c2 0d 82 fd 46 a8 ab 6c 93 k.LI.$^....F..l.
0a00: cc 62 52 42 75 92 f8 9a fa 5e 5e b2 b0 61 e5 1f .bRBu....^^..a..
0a10: 1f b9 7f 09 98 e8 3d fa 83 7f 47 69 a1 02 03 01 ......=...Gi....
0a20: 00 01 a3 82 01 ae 30 82 01 aa 30 1d 06 03 55 1d ......0...0...U.
0a30: 0e 04 16 04 14 74 85 80 c0 66 c7 df 37 de cf bd .....t...f..7...
0a40: 29 37 aa 03 1d be ed cd 17 30 1f 06 03 55 1d 23 )7.......0...U.#
0a50: 04 18 30 16 80 14 4e 22 54 20 18 95 e6 e3 6e e6 ..0...N"T ....n.
0a60: 0f fa fa b9 12 ed 06 17 8f 39 30 0e 06 03 55 1d .........90...U.
0a70: 0f 01 01 ff 04 04 03 02 01 86 30 1d 06 03 55 1d ..........0...U.
0a80: 25 04 16 30 14 06 08 2b 06 01 05 05 07 03 01 06 %..0...+........
0a90: 08 2b 06 01 05 05 07 03 02 30 12 06 03 55 1d 13 .+.......0...U..
0aa0: 01 01 ff 04 08 30 06 01 01 ff 02 01 00 30 76 06 .....0.......0v.
0ab0: 08 2b 06 01 05 05 07 01 01 04 6a 30 68 30 24 06 .+........j0h0$.
0ac0: 08 2b 06 01 05 05 07 30 01 86 18 68 74 74 70 3a .+.....0...http:
0ad0: 2f 2f 6f 63 73 70 2e 64 69 67 69 63 65 72 74 2e //ocsp.digicert.
0ae0: 63 6f 6d 30 40 06 08 2b 06 01 05 05 07 30 02 86 com0@..+.....0..
0af0: 34 68 74 74 70 3a 2f 2f 63 61 63 65 72 74 73 2e 4http://cacerts.
0b00: 64 69 67 69 63 65 72 74 2e 63 6f 6d 2f 44 69 67 digicert.com/Dig
0b10: 69 43 65 72 74 47 6c 6f 62 61 6c 52 6f 6f 74 47 iCertGlobalRootG
0b20: 32 2e 63 72 74 30 7b 06 03 55 1d 1f 04 74 30 72 2.crt0{..U...t0r
0b30: 30 37 a0 35 a0 33 86 31 68 74 74 70 3a 2f 2f 63 07.5.3.1http://c
0b40: 72 6c 33 2e 64 69 67 69 63 65 72 74 2e 63 6f 6d rl3.digicert.com
0b50: 2f 44 69 67 69 43 65 72 74 47 6c 6f 62 61 6c 52 /DigiCertGlobalR
0b60: 6f 6f 74 47 32 2e 63 72 6c 30 37 a0 35 a0 33 86 ootG2.crl07.5.3.
0b70: 31 68 74 74 70 3a 2f 2f 63 72 6c 34 2e 64 69 67 1http://crl4.dig
0b80: 69 63 65 72 74 2e 63 6f 6d 2f 44 69 67 69 43 65 icert.com/DigiCe
0b90: 72 74 47 6c 6f 62 61 6c 52 6f 6f 74 47 32 2e 63 rtGlobalRootG2.c
0ba0: 72 6c 30 30 06 03 55 1d 20 04 29 30 27 30 07 06 rl00..U. .)0'0..
0bb0: 05 67 81 0c 01 01 30 08 06 06 67 81 0c 01 02 01 .g....0...g.....
0bc0: 30 08 06 06 67 81 0c 01 02 02 30 08 06 06 67 81 0...g.....0...g.
0bd0: 0c 01 02 03 30 0d 06 09 2a 86 48 86 f7 0d 01 01 ....0...*.H.....
0be0: 0b 05 00 03 82 01 01 00 75 8b c0 3c 5b ef ff 70 ........u..<[..p
0bf0: 5c 6b 8a f5 21 ef ac 31 e6 43 3d 80 af d7 55 a9 \k..!..1.C=...U.
0c00: 1e c3 8e 18 6c 79 d3 f7 ac 42 df 8f 88 c5 9d b4 ....ly...B......
0c10: 75 f3 c9 08 fd 8a fe 51 f3 f2 9d 20 1a 04 35 ce u......Q... ..5.
0c20: f8 b6 41 79 af ff cc 96 5e 94 d3 9a 1d 70 2e a2 ..Ay....^....p..
0c30: 31 8b fb a5 cc 7f 56 df 17 37 97 bf c1 8d 43 86 1.....V..7....C.
0c40: ab 8c 66 7e b9 ed 8b f1 0f 8c b5 d4 55 af 5c 89 ..f~........U.\.
0c50: 9e e0 a7 2a 6d b2 a3 63 32 18 3b cb de b5 9f 83 ...*m..c2.;.....
0c60: b3 11 01 ac 20 0d 90 97 12 b7 29 9c 35 b5 d7 91 .... .....).5...
0c70: 0e ef 40 6f 6d 5c 3b bd a1 d9 fb e2 cb 2e 76 40 ..@om\;.......v@
0c80: d2 3a bb 2c bf 16 0b ea bd 03 5b 4e 98 3a 2a ed .:.,......[N.:*.
0c90: 05 50 07 15 93 3c 73 39 91 94 5a 48 0e c6 d3 4a .P...<s9..ZH...J
0ca0: 01 af 66 39 b9 bd 42 34 1c db 08 03 f3 40 fc 12 ..f9..B4.....@..
0cb0: e8 ae 3c ab 8a d5 fb 72 79 64 a6 e3 0e 55 b1 3b ..<....ryd...U.;
0cc0: 95 3f ad 60 33 67 8a ac b6 a7 5c f0 ed 5a 52 1b .?.`3g....\..ZR.
0cd0: d4 61 e1 25 12 e6 07 b5 aa 94 b2 f0 28 f6 61 26 .a.%........(.a&
0ce0: 5e 55 1c f8 01 eb 77 71 00 03 92 30 82 03 8e 30 ^U....wq...0...0
0cf0: 82 02 76 a0 03 02 01 02 02 10 03 3a f1 e6 a7 11 ..v........:....
0d00: a9 a0 bb 28 64 b1 1d 09 fa e5 30 0d 06 09 2a 86 ...(d.....0...*.
0d10: 48 86 f7 0d 01 01 0b 05 00 30 61 31 0b 30 09 06 H........0a1.0..
0d20: 03 55 04 06 13 02 55 53 31 15 30 13 06 03 55 04 .U....US1.0...U.
0d30: 0a 13 0c 44 69 67 69 43 65 72 74 20 49 6e 63 31 ...DigiCert Inc1
0d40: 19 30 17 06 03 55 04 0b 13 10 77 77 77 2e 64 69 .0...U....www.di
0d50: 67 69 63 65 72 74 2e 63 6f 6d 31 20 30 1e 06 03 gicert.com1 0...
0d60: 55 04 03 13 17 44 69 67 69 43 65 72 74 20 47 6c U....DigiCert Gl
0d70: 6f 62 61 6c 20 52 6f 6f 74 20 47 32 30 1e 17 0d obal Root G20...
0d80: 31 33 30 38 30 31 31 32 30 30 30 30 5a 17 0d 33 130801120000Z..3
0d90: 38 30 31 31 35 31 32 30 30 30 30 5a 30 61 31 0b 80115120000Z0a1.
0da0: 30 09 06 03 55 04 06 13 02 55 53 31 15 30 13 06 0...U....US1.0..
0db0: 03 55 04 0a 13 0c 44 69 67 69 43 65 72 74 20 49 .U....DigiCert I
0dc0: 6e 63 31 19 30 17 06 03 55 04 0b 13 10 77 77 77 nc1.0...U....www
0dd0: 2e 64 69 67 69 63 65 72 74 2e 63 6f 6d 31 20 30 .digicert.com1 0
0de0: 1e 06 03 55 04 03 13 17 44 69 67 69 43 65 72 74 ...U....DigiCert
0df0: 20 47 6c 6f 62 61 6c 20 52 6f 6f 74 20 47 32 30  Global Root G20
0e00: 82 01 22 30 0d 06 09 2a 86 48 86 f7 0d 01 01 01 .."0...*.H......
0e10: 05 00 03 82 01 0f 00 30 82 01 0a 02 82 01 01 00 .......0........
0e20: bb 37 cd 34 dc 7b 6b c9 b2 68 90 ad 4a 75 ff 46 .7.4.{k..h..Ju.F
0e30: ba 21 0a 08 8d f5 19 54 c9 fb 88 db f3 ae f2 3a .!.....T.......:
0e40: 89 91 3c 7a e6 ab 06 1a 6b cf ac 2d e8 5e 09 24 ..<z....k..-.^.$
0e50: 44 ba 62 9a 7e d6 a3 a8 7e e0 54 75 20 05 ac 50 D.b.~...~.Tu ..P
0e60: b7 9c 63 1a 6c 30 dc da 1f 19 b1 d7 1e de fd d7 ..c.l0..........
0e70: e0 cb 94 83 37 ae ec 1f 43 4e dd 7b 2c d2 bd 2e ....7...CN.{,...
0e80: a5 2f e4 a9 b8 ad 3a d4 99 a4 b6 25 e9 9b 6b 00 ./....:....%..k.
0e90: 60 92 60 ff 4f 21 49 18 f7 67 90 ab 61 06 9c 8f `.`.O!I..g..a...
0ea0: f2 ba e9 b4 e9 92 32 6b b5 f3 57 e8 5d 1b cd 8c ......2k..W.]...
0eb0: 1d ab 95 04 95 49 f3 35 2d 96 e3 49 6d dd 77 e3 .....I.5-..Im.w.
0ec0: fb 49 4b b4 ac 55 07 a9 8f 95 b3 b4 23 bb 4c 6d .IK..U......#.Lm
0ed0: 45 f0 f6 a9 b2 95 30 b4 fd 4c 55 8c 27 4a 57 14 E.....0..LU.'JW.
0ee0: 7c 82 9d cd 73 92 d3 16 4a 06 0c 8c 50 d1 8f 1e |...s...J...P...
0ef0: 09 be 17 a1 e6 21 ca fd 83 e5 10 bc 83 a5 0a c4 .....!..........
0f00: 67 28 f6 73 14 14 3d 46 76 c3 87 14 89 21 34 4d g(.s..=Fv....!4M
0f10: af 0f 45 0c a6 49 a1 ba bb 9c c5 b1 33 83 29 85 ..E..I......3.).
0f20: 02 03 01 00 01 a3 42 30 40 30 0f 06 03 55 1d 13 ......B0@0...U..
0f30: 01 01 ff 04 05 30 03 01 01 ff 30 0e 06 03 55 1d .....0....0...U.
0f40: 0f 01 01 ff 04 04 03 02 01 86 30 1d 06 03 55 1d ..........0...U.
0f50: 0e 04 16 04 14 4e 22 54 20 18 95 e6 e3 6e e6 0f .....N"T ....n..
0f60: fa fa b9 12 ed 06 17 8f 39 30 0d 06 09 2a 86 48 ........90...*.H
0f70: 86 f7 0d 01 01 0b 05 00 03 82 01 01 00 60 67 28 .............`g(
0f80: 94 6f 0e 48 63 eb 31 dd ea 67 18 d5 89 7d 3c c5 .o.Hc.1..g...}<.
0f90: 8b 4a 7f e9 be db 2b 17 df b0 5f 73 77 2a 32 13 .J....+..._sw*2.
0fa0: 39 81 67 42 84 23 f2 45 67 35 ec 88 bf f8 8f b0 9.gB.#.Eg5......
0fb0: 61 0c 34 a4 ae 20 4c 84 c6 db f8 35 e1 76 d9 df a.4.. L....5.v..
0fc0: a6 42 bb c7 44 08 86 7f 36 74 24 5a da 6c 0d 14 .B..D...6t$Z.l..
0fd0: 59 35 bd f2 49 dd b6 1f c9 b3 0d 47 2a 3d 99 2f Y5..I......G*=./
0fe0: bb 5c bb b5 d4 20 e1 99 5f 53 46 15 db 68 9b f0 .\... .._SF..h..
0ff0: f3 30 d5 3e 31 e2 8d 84 9e e3 8a da da 96 3e 35 .0.>1.........>5
1000: 13 a5 5f f0 f9 70 50 70 47 41 11 57 19 4e c0 8f .._..pPpGA.W.N..
1010: ae 06 c4 95 13 17 2f 1b 25 9f 75 f2 b1 8e 99 a1 ....../.%.u.....
1020: 6f 13 b1 41 71 fe 88 2a c8 4f 10 20 55 d7 f3 14 o..Aq..*.O. U...
1030: 45 e5 e0 44 f4 ea 87 95 32 93 0e fe 53 46 fa 2c E..D....2...SF.,
1040: 9d ff 8b 22 b9 4b d9 09 45 a4 de a4 b8 9a 58 dd ...".K..E.....X.
1050: 1b 7d 52 9f 8e 59 43 88 81 a4 9e 26 d5 6f ad dd .}R..YC....&.o..
1060: 0d c6 37 7d ed 03 92 1b e5 77 5f 76 ee 3c 8d c4 ..7}.....w_v.<..
1070: 5d 56 5b a2 d9 66 6e b3 35 37 e5 32 b6          ]V[..fn.57.2.
<= Recv SSL data, 5 bytes (0x5)
0000: 16 03 03 02 51                                  ....Q
== Info: TLSv1.2 (IN), TLS handshake, Server key exchange (12):
<= Recv SSL data, 589 bytes (0x24d)
0000: 0c 00 02 49 03 00 17 41 04 10 22 ca 42 12 77 1c ...I...A..".B.w.
0010: 99 2f 8a cb 42 d6 3e cd dc 2e d9 c1 ab 20 4f 98 ./..B.>...... O.
0020: e1 dd ff ad 39 8f 34 2a a2 b9 aa 52 2f a5 fc af ....9.4*...R/...
0030: 7a 3f 58 eb d4 d7 37 64 91 0c 43 dd 12 fb d8 f3 z?X...7d..C.....
0040: fd 2d d7 fb 65 e1 71 38 1f 06 01 02 00 63 18 02 .-..e.q8.....c..
0050: 8f 63 34 76 63 95 02 6a e3 b6 a5 73 5a 6e b5 63 .c4vc..j...sZn.c
0060: 13 16 b0 16 49 32 3c 4f 7b 44 90 24 a8 1e 9c 63 ....I2<O{D.$...c
0070: b5 44 86 60 18 09 19 ae b2 06 08 6f e6 9b 2f 1b .D.`.......o../.
0080: e7 f3 b7 1d da 99 9b f7 e2 bc 3b a4 1f c6 f5 f3 ..........;.....
0090: e3 4c 24 6d f1 65 9b e5 d2 ef 3e 49 84 61 73 f7 .L$m.e....>I.as.
00a0: 48 bd fe f2 bc ad 61 07 0c 66 c6 1b 47 d5 aa dc H.....a..f..G...
00b0: ba a7 b6 c6 8f 68 31 6d d3 04 f3 1d b3 e1 b8 db .....h1m........
00c0: 43 3b a6 e1 14 19 bf c8 01 56 9d 14 4d fb 6d d8 C;.......V..M.m.
00d0: 82 08 f2 77 62 39 a5 a0 d5 de af e9 3e e9 60 d4 ...wb9......>.`.
00e0: 36 66 1e 1d 3b 6f 9c 45 0a 38 c0 42 13 9b c6 1a 6f..;o.E.8.B....
00f0: 26 8b e7 d7 a5 61 4d 1f e5 9f 23 2d f2 9e cd c8 &....aM...#-....
0100: 8d 53 37 92 30 c3 58 6f 92 43 f7 52 7e 50 3d 92 .S7.0.Xo.C.R~P=.
0110: 03 1d 00 a0 25 83 22 cc 60 96 15 83 80 38 c2 47 ....%.".`....8.G
0120: 60 13 2e 46 8c b6 d7 8e b4 ac d2 7e 4d a9 84 c4 `..F.......~M...
0130: f2 5c 54 17 5b bc 00 96 80 5f 79 bd 59 66 78 e8 .\T.[...._y.Yfx.
0140: d1 33 18 16 ba b8 c5 1d 35 1a 1e 23 09 8f cc d1 .3......5..#....
0150: d4 5b 06 96 ea 4d 70 4f 88 35 ff 20 3e b9 f8 51 .[...MpO.5. >..Q
0160: a9 4e 73 0d f0 bf d1 e9 ec 03 cd ff ca d8 25 df .Ns...........%.
0170: 45 44 f7 12 16 e6 b2 eb 41 be e2 5b 9f e3 8b a5 ED......A..[....
0180: 0c 5a e3 7a cb 5c 50 ff b3 a2 99 3c fe 5c 1e 47 .Z.z.\P....<.\.G
0190: de 09 ff 78 28 32 1a 08 b0 17 64 94 ef 30 c7 1c ...x(2....d..0..
01a0: e9 28 82 82 64 46 a6 56 dd 09 73 04 26 d7 4a ae .(..dF.V..s.&.J.
01b0: 31 ef ef 64 40 3b 3b 0b 63 59 78 75 10 0e 0c 97 1..d@;;.cYxu....
01c0: 7f cd 4e 69 b0 c2 a7 43 5b d8 e3 71 cd 14 32 3b ..Ni...C[..q..2;
01d0: 8e dd ad 96 2f b6 47 de f8 f2 e5 ed 96 73 7d 30 ..../.G......s}0
01e0: 10 cb d8 9a 09 a5 b7 b1 d4 dc 2c 93 ff 18 96 97 ..........,.....
01f0: 10 7a df 2e 89 24 ee 84 a4 ec 1f d7 da 5c d2 4c .z...$.......\.L
0200: 0f eb c1 33 e9 49 2e 21 f5 b9 c3 97 40 46 dd 66 ...3.I.!....@F.f
0210: ea 47 b1 43 5c 21 96 5e 28 b1 e8 b6 d8 35 d9 11 .G.C\!.^(....5..
0220: a1 b3 bf ee 6d db 21 4d a8 2b 22 e2 d9 23 3d 05 ....m.!M.+"..#=.
0230: 17 cb 27 f9 32 d0 13 89 55 d1 3b 89 1a 21 e7 fd ..'.2...U.;..!..
0240: 9d 7a 8d 75 c0 29 b2 65 48 75 6c 6d 4a          .z.u.).eHulmJ
== Info: TLSv1.2 (IN), TLS handshake, Server finished (14):
<= Recv SSL data, 4 bytes (0x4)
0000: 0e 00 00 00                                     ....
=> Send SSL data, 5 bytes (0x5)
0000: 16 03 03 00 46                                  ....F
== Info: TLSv1.2 (OUT), TLS handshake, Client key exchange (16):
=> Send SSL data, 70 bytes (0x46)
0000: 10 00 00 42 41 04 17 2c ca 93 9f 2d 0a 89 d6 c6 ...BA..,...-....
0010: 24 5d 8c 20 2b ae 57 43 5a bd e9 4e 3c 67 d5 a1 $]. +.WCZ..N<g..
0020: 0e e7 95 24 d9 11 11 97 60 34 43 a6 e1 26 33 e9 ...$....`4C..&3.
0030: de 0c ae 8e 75 0e 68 62 6e 89 88 db 27 dd f4 09 ....u.hbn...'...
0040: 3f e7 b3 d2 d8 55                               ?....U
=> Send SSL data, 5 bytes (0x5)
0000: 14 03 03 00 01                                  .....
== Info: TLSv1.2 (OUT), TLS change cipher, Change cipher spec (1):
=> Send SSL data, 1 bytes (0x1)
0000: 01                                              .
=> Send SSL data, 5 bytes (0x5)
0000: 16 03 03 00 28                                  ....(
== Info: TLSv1.2 (OUT), TLS handshake, Finished (20):
=> Send SSL data, 16 bytes (0x10)
0000: 14 00 00 0c b6 08 5f 26 5d 3b 08 d8 bf c6 c2 c9 ......_&];......
<= Recv SSL data, 5 bytes (0x5)
0000: 14 03 03 00 01                                  .....
<= Recv SSL data, 5 bytes (0x5)
0000: 16 03 03 00 28                                  ....(
== Info: TLSv1.2 (IN), TLS handshake, Finished (20):
<= Recv SSL data, 16 bytes (0x10)
0000: 14 00 00 0c df 51 8b 08 22 c2 35 91 f7 8e 2b b0 .....Q..".5...+.
== Info: SSL connection using TLSv1.2 / ECDHE-RSA-AES256-GCM-SHA384 / secp256r1 / rsaEncryption
== Info: ALPN: server accepted http/1.1
== Info: Server certificate:
== Info:  subject: C=AT; L=Wien; O=ÖBB-Business Competence Center GmbH; CN=*.nightjet.com
== Info:  start date: Sep 13 00:00:00 2024 GMT
== Info:  expire date: Sep 18 23:59:59 2025 GMT
== Info:  subjectAltName: host "nightjet.com" matched cert's "nightjet.com"
== Info:  issuer: C=US; O=DigiCert Inc; CN=DigiCert Global G2 TLS RSA SHA256 2020 CA1
== Info:  SSL certificate verify ok.
== Info:   Certificate level 0: Public key type RSA (4096/152 Bits/secBits), signed using sha256WithRSAEncryption
== Info:   Certificate level 1: Public key type RSA (2048/112 Bits/secBits), signed using sha256WithRSAEncryption
== Info:   Certificate level 2: Public key type RSA (2048/112 Bits/secBits), signed using sha256WithRSAEncryption
== Info: Connected to nightjet.com (195.69.192.144) port 443
== Info: using HTTP/1.x
=> Send SSL data, 5 bytes (0x5)
0000: 17 03 03 02 8c                                  .....
=> Send header, 316 bytes (0x13c)
0000: 50 4f 53 54 20 2f 6e 6a 2d 62 6f 6f 6b 69 6e 67 POST /nj-booking
0010: 2d 6f 63 70 2f 6f 66 66 65 72 2f 67 65 74 20 48 -ocp/offer/get H
0020: 54 54 50 2f 31 2e 31 0d 0a 48 6f 73 74 3a 20 6e TTP/1.1..Host: n
0030: 69 67 68 74 6a 65 74 2e 63 6f 6d 0d 0a 55 73 65 ightjet.com..Use
0040: 72 2d 41 67 65 6e 74 3a 20 63 75 72 6c 2f 38 2e r-Agent: curl/8.
0050: 31 34 2e 31 0d 0a 41 63 63 65 70 74 3a 20 2a 2f 14.1..Accept: */
0060: 2a 0d 0a 43 6f 6e 74 65 6e 74 2d 54 79 70 65 3a *..Content-Type:
0070: 20 61 70 70 6c 69 63 61 74 69 6f 6e 2f 6a 73 6f  application/jso
0080: 6e 0d 0a 78 2d 74 6f 6b 65 6e 3a 20 65 79 4a 68 n..x-token: eyJh
0090: 62 47 63 69 4f 69 4a 49 55 7a 49 31 4e 69 4a 39 bGciOiJIUzI1NiJ9
00a0: 2e 65 79 4a 6c 65 48 41 69 4f 6a 45 33 4e 54 55 .eyJleHAiOjE3NTU
00b0: 31 4d 7a 63 77 4d 6a 55 73 49 6e 42 31 59 6d 78 1MzcwMjUsInB1Ymx
00c0: 70 59 30 6c 6b 49 6a 6f 69 59 57 5a 69 5a 6a 4d pY0lkIjoiYWZiZjM
00d0: 33 4e 7a 42 6a 5a 47 55 32 4e 44 6c 6c 4e 54 67 3NzBjZGU2NDllNTg
00e0: 32 5a 47 4a 69 4d 57 59 79 4f 54 49 78 4e 32 4e 2ZGJiMWYyOTIxN2N
00f0: 6b 59 57 55 69 66 51 2e 46 71 5a 4d 42 65 4f 52 kYWUifQ.FqZMBeOR
0100: 66 31 53 76 58 7a 48 42 4f 67 77 76 50 6f 54 69 f1SvXzHBOgwvPoTi
0110: 37 78 50 68 62 71 34 74 62 49 67 38 4b 4d 53 58 7xPhbq4tbIg8KMSX
0120: 35 65 49 0d 0a 43 6f 6e 74 65 6e 74 2d 4c 65 6e 5eI..Content-Len
0130: 67 74 68 3a 20 33 31 32 0d 0a 0d 0a             gth: 312....
=> Send data, 312 bytes (0x138)
0000: 7b 20 22 6e 6a 46 72 6f 6d 22 3a 20 38 30 31 31 { "njFrom": 8011
0010: 31 36 30 2c 20 22 6e 6a 44 65 70 22 3a 20 31 37 160, "njDep": 17
0020: 36 30 34 36 31 36 38 30 30 30 30 2c 20 22 6e 6a 60461680000, "nj
0030: 54 6f 22 3a 20 38 37 30 30 30 31 31 2c 20 22 6d To": 8700011, "m
0040: 61 78 43 68 61 6e 67 65 73 22 3a 20 30 2c 20 22 axChanges": 0, "
0050: 66 69 6c 74 65 72 22 3a 20 7b 20 22 6e 6a 44 65 filter": { "njDe
0060: 70 61 72 74 75 72 65 22 3a 20 31 37 36 30 34 36 parture": 176046
0070: 31 36 38 30 30 30 30 20 7d 2c 20 22 6f 62 6a 65 1680000 }, "obje
0080: 63 74 73 22 3a 20 5b 20 7b 20 22 62 69 72 74 68 cts": [ { "birth
0090: 44 61 74 65 22 3a 20 22 31 39 39 33 2d 31 30 2d Date": "1993-10-
00a0: 31 33 22 2c 20 22 63 61 72 64 73 22 3a 20 5b 20 13", "cards": [ 
00b0: 31 32 37 20 5d 2c 20 22 67 65 6e 64 65 72 22 3a 127 ], "gender":
00c0: 20 22 66 65 6d 61 6c 65 22 2c 20 22 74 79 70 65  "female", "type
00d0: 22 3a 20 22 70 65 72 73 6f 6e 22 20 7d 20 5d 2c ": "person" } ],
00e0: 20 22 72 65 6c 61 74 69 6f 6e 73 22 3a 20 5b 20  "relations": [ 
00f0: 7b 20 22 6c 68 73 22 3a 20 31 2c 20 22 72 65 6c { "lhs": 1, "rel
0100: 61 74 69 6f 6e 54 79 70 65 22 3a 20 22 61 74 74 ationType": "att
0110: 65 6e 64 61 6e 74 5f 6f 66 22 2c 20 22 72 68 73 endant_of", "rhs
0120: 22 3a 20 30 20 7d 20 5d 2c 20 22 6c 61 6e 67 22 ": 0 } ], "lang"
0130: 3a 20 22 64 65 22 20 7d                         : "de" }
== Info: upload completely sent off: 312 bytes
<= Recv SSL data, 5 bytes (0x5)
0000: 17 03 03 00 bd                                  .....
<= Recv header, 40 bytes (0x28)
0000: 48 54 54 50 2f 31 2e 31 20 33 30 32 20 46 6f 75 HTTP/1.1 302 Fou
0010: 6e 64 20 3a 20 4d 6f 76 65 64 20 54 65 6d 70 6f nd : Moved Tempo
0020: 72 61 72 69 6c 79 0d 0a                         rarily..
== Info: Need to rewind upload for next request
<= Recv header, 61 bytes (0x3d)
0000: 4c 6f 63 61 74 69 6f 6e 3a 20 68 74 74 70 73 3a Location: https:
0010: 2f 2f 77 77 77 2e 6e 69 67 68 74 6a 65 74 2e 63 //www.nightjet.c
0020: 6f 6d 2f 6e 6a 2d 62 6f 6f 6b 69 6e 67 2d 6f 63 om/nj-booking-oc
0030: 70 2f 6f 66 66 65 72 2f 67 65 74 0d 0a          p/offer/get..
<= Recv header, 19 bytes (0x13)
0000: 43 6f 6e 6e 65 63 74 69 6f 6e 3a 20 63 6c 6f 73 Connection: clos
0010: 65 0d 0a                                        e..
<= Recv header, 25 bytes (0x19)
0000: 43 61 63 68 65 2d 43 6f 6e 74 72 6f 6c 3a 20 6e Cache-Control: n
0010: 6f 2d 63 61 63 68 65 0d 0a                      o-cache..
<= Recv header, 18 bytes (0x12)
0000: 50 72 61 67 6d 61 3a 20 6e 6f 2d 63 61 63 68 65 Pragma: no-cache
0010: 0d 0a                                           ..
<= Recv header, 2 bytes (0x2)
0000: 0d 0a                                           ..
== Info: shutting down connection #0
== Info: Issue another request to this URL: 'https://www.nightjet.com/nj-booking-ocp/offer/get'
== Info: Stick to POST instead of GET
== Info: Host www.nightjet.com:443 was resolved.
== Info: IPv6: (none)
== Info: IPv4: 195.69.192.144
== Info:   Trying 195.69.192.144:443...
== Info: ALPN: curl offers h2,http/1.1
=> Send SSL data, 5 bytes (0x5)
0000: 16 03 01 06 1a                                  .....
== Info: TLSv1.3 (OUT), TLS handshake, Client hello (1):
=> Send SSL data, 1562 bytes (0x61a)
0000: 01 00 06 16 03 03 09 69 46 99 f6 b5 bf e9 78 2e .......iF.....x.
0010: 6c f0 a0 f3 c3 24 a5 44 ae 95 3b 53 47 68 61 ef l....$.D..;SGha.
0020: ec 42 f0 d7 5b c1 20 06 5e 97 fc fe a9 0d 27 c6 .B..[. .^.....'.
0030: 38 28 10 21 96 84 41 73 1d e9 f2 1b 59 3c b0 c7 8(.!..As....Y<..
0040: 98 ed 94 e0 c9 8a 0b 00 3c 13 02 13 03 13 01 c0 ........<.......
0050: 2c c0 30 00 9f cc a9 cc a8 cc aa c0 2b c0 2f 00 ,.0.........+./.
0060: 9e c0 24 c0 28 00 6b c0 23 c0 27 00 67 c0 0a c0 ..$.(.k.#.'.g...
0070: 14 00 39 c0 09 c0 13 00 33 00 9d 00 9c 00 3d 00 ..9.....3.....=.
0080: 3c 00 35 00 2f 01 00 05 91 ff 01 00 01 00 00 00 <.5./...........
0090: 00 15 00 13 00 00 10 77 77 77 2e 6e 69 67 68 74 .......www.night
00a0: 6a 65 74 2e 63 6f 6d 00 0b 00 04 03 00 01 02 00 jet.com.........
00b0: 0a 00 12 00 10 11 ec 00 1d 00 17 00 1e 00 18 00 ................
00c0: 19 01 00 01 01 00 10 00 0e 00 0c 02 68 32 08 68 ............h2.h
00d0: 74 74 70 2f 31 2e 31 00 16 00 00 00 17 00 00 00 ttp/1.1.........
00e0: 31 00 00 00 0d 00 36 00 34 09 05 09 06 09 04 04 1.....6.4.......
00f0: 03 05 03 06 03 08 07 08 08 08 1a 08 1b 08 1c 08 ................
0100: 09 08 0a 08 0b 08 04 08 05 08 06 04 01 05 01 06 ................
0110: 01 03 03 03 01 03 02 04 02 05 02 06 02 00 2b 00 ..............+.
0120: 05 04 03 04 03 03 00 2d 00 02 01 01 00 33 04 ea .......-.....3..
0130: 04 e8 11 ec 04 c0 37 39 95 c4 e6 40 f5 60 be 31 ......79...@.`.1
0140: 42 b0 ef f2 5b 45 81 14 f4 2a 2e bd 45 41 51 6b B...[E...*..EAQk
0150: 38 f3 d6 13 7e cc bc 5c 42 1a cc e7 93 91 66 26 8...~..\B.....f&
0160: 97 ca ca 77 e0 7e 1b 5a 22 1d 81 c2 7d d2 ae 8a ...w.~.Z"...}...
0170: 29 88 75 eb 74 f1 2c 5a 47 fa 0d 1d 7a 30 85 4a ).u.t.,ZG...z0.J
0180: 79 11 e8 a3 87 27 80 16 bc 63 8b f9 56 6b 84 a9 y....'...c..Vk..
0190: ce 16 70 ec a2 5d 48 e3 c7 df c9 76 35 5a 7f 31 ..p..]H....v5Z.1
01a0: 35 81 0f b9 01 70 d8 3e e2 2b c9 14 9b 89 69 73 5....p.>.+....is
01b0: ca 98 6a 1f 1f 11 39 c1 39 34 25 d6 8c a5 a8 b6 ..j...9.94%.....
01c0: 6e f5 a2 9b bb 34 4e 28 3e 56 b7 27 ea 4b 10 af n....4N(>V.'.K..
01d0: 58 cd f7 f9 71 2e e9 37 c8 f7 c6 e4 41 3a ba a1 X...q..7....A:..
01e0: 67 0d 10 76 ab 25 98 8f 06 42 20 3c 79 d2 06 11 g..v.%...B <y...
01f0: ed bb 9b ea 1c 7a a2 5a 2b 2b 02 7d 0d 95 78 a4 .....z.Z++.}..x.
0200: 81 ac e2 74 9c df 99 c5 9b e1 1f ec d5 a9 d4 e0 ...t............
0210: 1a bb 5b c7 8d 06 67 45 80 91 0b d9 9f 69 d0 4f ..[...gE.....i.O
0220: 06 da 02 e9 25 18 2e 59 1c cf 10 5b 3d e5 4c 15 ....%..Y...[=.L.
0230: ec 3f 49 19 c8 ac 41 67 7c 07 0e f3 bb 14 93 81 .?I...Ag|.......
0240: 9c 54 29 7c 68 73 af ad a5 62 46 a4 75 3b f1 9d .T)|hs...bF.u;..
0250: 7b 9a 9c a2 cc 9f 66 fa 9a 69 80 5b 1e 43 c1 6f {.....f..i.[.C.o
0260: 05 a6 95 a9 23 da 39 27 a2 16 3c e3 b1 4c 15 eb ....#.9'..<..L..
0270: 7b f1 37 32 57 90 a8 7b 44 41 d0 82 94 4e c2 8b {.72W..{DA...N..
0280: da 30 28 fd 20 54 f9 b7 3d 27 e2 c9 bc 5c 7b c2 .0(. T..='...\{.
0290: 01 19 30 f6 8a 8d b0 c2 17 d9 c3 71 37 c5 21 cb ..0........q7.!.
02a0: 24 f7 71 a3 19 68 3f 5c e1 96 b0 10 4c e8 55 4b $.q..h?\....L.UK
02b0: f2 8c 6e 86 53 9b b3 35 9f 93 b9 3a 5a a9 c2 0f ..n.S..5...:Z...
02c0: 28 4a ef 85 72 75 0b a8 c1 7a 08 8e 9c 8d f4 4a (J..ru...z.....J
02d0: b9 37 48 07 10 08 83 d9 fa 4a 56 85 a6 33 61 b1 .7H......JV..3a.
02e0: 17 50 05 99 b6 34 c6 75 2a 2e 92 7f bf aa 23 ef .P...4.u*.....#.
02f0: eb 5e c7 a3 42 9f 97 ba b3 30 b8 d7 07 7d a2 07 .^..B....0...}..
0300: b3 34 62 75 4e 47 33 f0 98 a9 70 0a 56 16 4b 1e .4buNG3...p.V.K.
0310: 03 07 25 e4 43 ca e7 cc 66 ae e5 8f 97 fa 61 62 ..%.C...f.....ab
0320: 64 36 50 e2 3e e8 aa 9a bb 87 67 ed 59 2c 10 31 d6P.>.....g.Y,.1
0330: 03 27 6a 86 34 0a 6a a6 14 71 45 27 21 4c da af .'j.4.j..qE'!L..
0340: 07 d8 c8 0b 0b c2 a7 64 38 c4 ea 8b 1e 4a 85 11 .......d8....J..
0350: 74 40 6b 59 bf e5 e4 68 e8 54 cf 71 5b 44 ce e9 t@kY...h.T.q[D..
0360: ac da 79 60 29 f7 cd 03 8b 34 c3 89 71 b1 49 73 ..y`)....4..q.Is
0370: 6d d4 75 fa 0a 46 be aa 7e de a5 0e 41 3c 2c 1a m.u..F..~...A<,.
0380: b1 5c fb 49 ab e6 f9 89 33 ab 5a 2c 50 08 5e 52 .\.I....3.Z,P.^R
0390: 1b e2 03 27 39 c3 ce 8a 84 19 ac 99 bc 75 c3 ae ...'9........u..
03a0: 24 a2 97 bd 98 bc 34 2b 50 af 28 be 00 92 4a c5 $.....4+P.(...J.
03b0: a7 c0 73 19 4e b9 b7 6a b1 b8 81 19 06 1f 95 79 ..s.N..j.......y
03c0: 44 64 13 03 36 2b 2f 62 47 30 fb e0 58 64 32 40 Dd..6+/bG0..Xd2@
03d0: d3 c6 88 f2 72 66 d9 92 b0 92 55 b7 e3 5c 51 73 ....rf....U..\Qs
03e0: 73 24 93 cb ba a4 d8 79 c8 82 90 c7 b7 ba 79 b5 s$.....y......y.
03f0: 75 7b b8 93 2c ac 23 e3 78 b3 08 10 97 5f 85 b8 u{..,.#.x...._..
0400: 49 23 98 6e 68 5f 27 85 81 fb 27 27 9a d0 55 5e I#.nh_'...''..U^
0410: 7b 47 b6 12 61 d4 f2 17 b2 1b 96 57 f1 2a a5 5c {G..a......W.*.\
0420: 0c 4e 8a 64 56 9a a6 49 f2 83 30 ba 9d 9a c7 58 .N.dV..I..0....X
0430: a3 22 b0 fe b4 44 9f 5b ce 3d 28 77 d8 b8 1e 21 ."...D.[.=(w...!
0440: 31 75 bd b4 7a 30 7a 3c 82 7a 62 68 0c 58 ed a5 1u..z0z<.zbh.X..
0450: 31 ba 23 03 6e 11 9c 62 8b ac d5 55 31 d0 2c b8 1.#.n..b...U1.,.
0460: 1f 73 15 06 38 98 be 0a 91 c4 c2 2d 39 89 b1 85 .s..8......-9...
0470: 04 9f fc 0b 01 df 6c 4b c8 56 4f ba 22 38 53 84 ......lK.VO."8S.
0480: 24 da 44 cf 2d 3a 1b fb c0 4b 5f 08 24 63 94 5b $.D.-:...K_.$c.[
0490: 14 14 32 e5 ca 4a 7b 20 2d 55 96 5f 32 1b 29 4e ..2..J{ -U._2.)N
04a0: a8 77 d3 e6 ac d0 68 39 2d 48 cb 9d b6 87 43 e6 .w....h9-H....C.
04b0: 04 01 9a 99 19 30 c7 57 70 a4 59 c9 5f 8e 88 64 .....0.Wp.Y._..d
04c0: 91 91 20 92 15 03 b7 98 89 6a 70 78 e1 55 61 d5 .. ......jpx.Ua.
04d0: c7 63 b1 60 95 6e e2 5a aa b0 53 ab 1a 41 e8 72 .c.`.n.Z..S..A.r
04e0: 21 ae 64 9b 94 b4 20 2e fa 1a f5 f0 8b 07 7c 10 !.d... .......|.
04f0: 67 98 70 97 02 2a 1e 37 af 7f 5b 05 99 26 7d 7c g.p..*.7..[..&}|
0500: 61 1a fa f5 b0 39 94 a0 33 79 73 00 d3 aa 47 52 a....9..3ys...GR
0510: 51 bc 4a b6 e8 06 c1 ce f2 95 c6 3b 4f 67 14 66 Q.J........;Og.f
0520: ec 1a 27 93 2b 42 cd dc 09 1b 59 b3 9e 5a 0a 24 ..'.+B....Y..Z.$
0530: 42 53 91 0b ab 28 54 3a f3 00 49 d2 e5 08 ce 56 BS...(T:..I....V
0540: 10 bb 87 84 c5 f3 ce dd 52 a9 f4 32 50 76 49 47 ........R..2PvIG
0550: 67 d7 89 0b a0 43 a8 0a 8e 88 e5 88 5c 79 59 1d g....C......\yY.
0560: 21 09 a5 f7 77 28 e4 1a b2 b2 57 08 36 87 95 bb !...w(....W.6...
0570: 0c a2 52 74 b3 38 b8 bd 4a 56 21 31 a8 93 02 2f ..Rt.8..JV!1.../
0580: 5b 32 99 1f 91 53 e0 11 60 44 09 cf 74 51 97 e0 [2...S..`D..tQ..
0590: 16 60 8f 81 06 5b bb 63 6a c2 a3 f5 44 1d 3e d6 .`...[.cj...D.>.
05a0: 33 f8 20 47 82 f9 46 52 15 08 bf 4b 76 1c 04 b7 3. G..FR...Kv...
05b0: ca 4b 29 63 43 8e 14 06 88 ae 7f 3a 11 e2 32 82 .K)cC......:..2.
05c0: fc 30 12 30 2f ae 48 98 f5 cd fc 7b 89 f1 75 18 .0.0/.H....{..u.
05d0: 13 fb 24 99 26 68 7e e9 2d 95 81 61 ae 74 5b d2 ..$.&h~.-..a.t[.
05e0: ef fb 26 26 3f 6a 5d d0 e7 d1 fd ac 10 00 da b1 ..&&?j].........
05f0: ba cd fd 3d 49 49 00 1d 00 20 a8 90 6a 78 94 f7 ...=II... ..jx..
0600: 29 0c d4 b9 ff ac f1 f1 c1 74 75 7f 61 77 81 a5 )........tu.aw..
0610: 81 ae f0 26 b1 73 dc 1c 2c 00                   ...&.s..,.
<= Recv SSL data, 5 bytes (0x5)
0000: 16 03 03 10 e7                                  .....
== Info: TLSv1.3 (IN), TLS handshake, Server hello (2):
<= Recv SSL data, 106 bytes (0x6a)
0000: 02 00 00 66 03 03 68 9a 32 8c c0 66 7a ac be 51 ...f..h.2..fz..Q
0010: fb b9 20 60 1e 31 0c ad 1a bb cc 04 0d 03 ee 48 .. `.1.........H
0020: d6 52 a0 3e 22 2d 20 b1 49 b5 29 93 19 4f e8 82 .R.>"- .I.)..O..
0030: e2 b0 5e 6c 39 8d ad 7b 74 b7 68 f7 42 4b 1f 89 ..^l9..{t.h.BK..
0040: 3d 6d 44 9e 27 41 12 c0 30 00 00 1e 00 00 00 00 =mD.'A..0.......
0050: ff 01 00 01 00 00 10 00 0b 00 09 08 68 74 74 70 ............http
0060: 2f 31 2e 31 00 0b 00 02 01 00                   /1.1......
== Info: TLSv1.2 (IN), TLS handshake, Certificate (11):
<= Recv SSL data, 4221 bytes (0x107d)
0000: 0b 00 10 79 00 10 76 00 07 e3 30 82 07 df 30 82 ...y..v...0...0.
0010: 06 c7 a0 03 02 01 02 02 10 06 5b 7f c5 dd ae 6b ..........[....k
0020: c9 5a 51 ae 71 ed 37 2a 36 30 0d 06 09 2a 86 48 .ZQ.q.7*60...*.H
0030: 86 f7 0d 01 01 0b 05 00 30 59 31 0b 30 09 06 03 ........0Y1.0...
0040: 55 04 06 13 02 55 53 31 15 30 13 06 03 55 04 0a U....US1.0...U..
0050: 13 0c 44 69 67 69 43 65 72 74 20 49 6e 63 31 33 ..DigiCert Inc13
0060: 30 31 06 03 55 04 03 13 2a 44 69 67 69 43 65 72 01..U...*DigiCer
0070: 74 20 47 6c 6f 62 61 6c 20 47 32 20 54 4c 53 20 t Global G2 TLS 
0080: 52 53 41 20 53 48 41 32 35 36 20 32 30 32 30 20 RSA SHA256 2020 
0090: 43 41 31 30 1e 17 0d 32 34 30 39 31 33 30 30 30 CA10...240913000
00a0: 30 30 30 5a 17 0d 32 35 30 39 31 38 32 33 35 39 000Z..2509182359
00b0: 35 39 5a 30 64 31 0b 30 09 06 03 55 04 06 13 02 59Z0d1.0...U....
00c0: 41 54 31 0d 30 0b 06 03 55 04 07 13 04 57 69 65 AT1.0...U....Wie
00d0: 6e 31 2d 30 2b 06 03 55 04 0a 0c 24 c3 96 42 42 n1-0+..U...$..BB
00e0: 2d 42 75 73 69 6e 65 73 73 20 43 6f 6d 70 65 74 -Business Compet
00f0: 65 6e 63 65 20 43 65 6e 74 65 72 20 47 6d 62 48 ence Center GmbH
0100: 31 17 30 15 06 03 55 04 03 0c 0e 2a 2e 6e 69 67 1.0...U....*.nig
0110: 68 74 6a 65 74 2e 63 6f 6d 30 82 02 22 30 0d 06 htjet.com0.."0..
0120: 09 2a 86 48 86 f7 0d 01 01 01 05 00 03 82 02 0f .*.H............
0130: 00 30 82 02 0a 02 82 02 01 00 a4 de 3e 31 2b c5 .0..........>1+.
0140: de 2d c2 19 ed 68 0e 2a 58 b7 ea 39 2a 12 2f 3b .-...h.*X..9*./;
0150: 9a 14 a4 ff 40 6a ab 69 d4 c4 d5 6b d7 a6 95 3f ....@j.i...k...?
0160: 73 7d b1 ea 9d 15 dd 51 5e 67 32 d0 8f 42 d1 e3 s}.....Q^g2..B..
0170: be d9 ce db c9 78 12 e5 7b 1b b9 d5 4c bc cd c0 .....x..{...L...
0180: 14 ea da 70 e8 fa ea 70 75 bb 38 3e d3 08 bf 7c ...p...pu.8>...|
0190: 86 d1 ff c0 8d 82 93 9c 03 bf 36 c9 d1 ce e2 27 ..........6....'
01a0: 94 d6 61 89 18 22 ef 44 71 3b ba fc 4d 70 d2 75 ..a..".Dq;..Mp.u
01b0: 0d 09 82 db 0a 78 57 c9 82 1b a3 cd b8 13 d8 14 .....xW.........
01c0: e2 57 95 2a 5c 04 e0 e1 67 47 22 d7 85 2e cc e6 .W.*\...gG".....
01d0: 0e 87 80 4c 5c 72 d7 1b 95 3e e7 e5 88 1e 39 49 ...L\r...>....9I
01e0: 40 ff f7 8a c8 5c ea f6 6d b9 9d 5e 98 a4 d4 bf @....\..m..^....
01f0: b6 9b 16 29 f6 bb 49 11 ca cc b7 ed d7 2b 00 45 ...)..I......+.E
0200: 1e ae 42 e2 62 51 df be 59 17 d0 e2 51 ec 1c 4b ..B.bQ..Y...Q..K
0210: cb 98 79 87 d5 ae 68 03 a1 74 d2 e5 27 23 35 8b ..y...h..t..'#5.
0220: 80 5e c0 aa c9 a7 5b ec 8a 1e fa a1 f8 67 af d2 .^....[......g..
0230: 95 32 c2 29 63 bc fd 64 8e 41 ba 5a 53 3f 60 5e .2.)c..d.A.ZS?`^
0240: 92 ee 04 61 c2 e9 31 3c 4c d7 46 ca 8c 85 cf 52 ...a..1<L.F....R
0250: 9f 3b f4 c9 b1 e6 68 d6 69 e5 5d da a4 e0 a3 0b .;....h.i.].....
0260: 4f 33 07 8f 3b 59 89 02 26 53 ba 1c 53 cc ee e9 O3..;Y..&S..S...
0270: c9 8c 8c a2 95 3f 5b d8 80 b6 21 d2 e1 2f b4 47 .....?[...!../.G
0280: c0 55 d9 09 b3 43 8d 03 2f 34 c3 41 52 7b d9 f8 .U...C../4.AR{..
0290: 3b f3 b8 d3 16 76 b7 d9 91 2a 89 03 52 6a dd 3a ;....v...*..Rj.:
02a0: cb a6 3e 72 67 dc 44 36 3d 53 11 25 7b 1d 5d 03 ..>rg.D6=S.%{.].
02b0: eb 54 a5 ed 5e a3 06 4f fb 7d ed ea 66 5f 94 b3 .T..^..O.}..f_..
02c0: a5 6e 9a 67 53 16 59 82 dc 7f 96 d5 6a 81 42 52 .n.gS.Y.....j.BR
02d0: 15 5a 31 70 3c c1 ca c5 ce 52 75 55 c1 58 f0 80 .Z1p<....RuU.X..
02e0: 2d f6 21 13 bc c0 67 c9 78 e2 45 ab ec 29 3e 80 -.!...g.x.E..)>.
02f0: 4a 14 2b f3 88 63 f6 19 6a 35 18 53 5a b9 5b 60 J.+..c..j5.SZ.[`
0300: 8d a1 be 13 4c 53 48 e4 ed 71 bb 03 2f b6 ee 8c ....LSH..q../...
0310: cb 1a 31 0b ca 77 e4 26 4e cb 84 20 fe a8 d9 18 ..1..w.&N.. ....
0320: 07 9e f1 39 fb 6e b8 c3 14 ad f7 52 c3 fc d4 7c ...9.n.....R...|
0330: 85 42 88 de 1a af ce 4d 8f 4b 02 03 01 00 01 a3 .B.....M.K......
0340: 82 03 96 30 82 03 92 30 1f 06 03 55 1d 23 04 18 ...0...0...U.#..
0350: 30 16 80 14 74 85 80 c0 66 c7 df 37 de cf bd 29 0...t...f..7...)
0360: 37 aa 03 1d be ed cd 17 30 1d 06 03 55 1d 0e 04 7.......0...U...
0370: 16 04 14 a6 c5 a0 2e fb 1d fd c6 7a 0a 16 f4 08 ...........z....
0380: fa 1c c7 18 31 6e 89 30 27 06 03 55 1d 11 04 20 ....1n.0'..U... 
0390: 30 1e 82 0e 2a 2e 6e 69 67 68 74 6a 65 74 2e 63 0...*.nightjet.c
03a0: 6f 6d 82 0c 6e 69 67 68 74 6a 65 74 2e 63 6f 6d om..nightjet.com
03b0: 30 3e 06 03 55 1d 20 04 37 30 35 30 33 06 06 67 0>..U. .70503..g
03c0: 81 0c 01 02 02 30 29 30 27 06 08 2b 06 01 05 05 .....0)0'..+....
03d0: 07 02 01 16 1b 68 74 74 70 3a 2f 2f 77 77 77 2e .....http://www.
03e0: 64 69 67 69 63 65 72 74 2e 63 6f 6d 2f 43 50 53 digicert.com/CPS
03f0: 30 0e 06 03 55 1d 0f 01 01 ff 04 04 03 02 05 a0 0...U...........
0400: 30 1d 06 03 55 1d 25 04 16 30 14 06 08 2b 06 01 0...U.%..0...+..
0410: 05 05 07 03 01 06 08 2b 06 01 05 05 07 03 02 30 .......+.......0
0420: 81 9f 06 03 55 1d 1f 04 81 97 30 81 94 30 48 a0 ....U.....0..0H.
0430: 46 a0 44 86 42 68 74 74 70 3a 2f 2f 63 72 6c 33 F.D.Bhttp://crl3
0440: 2e 64 69 67 69 63 65 72 74 2e 63 6f 6d 2f 44 69 .digicert.com/Di
0450: 67 69 43 65 72 74 47 6c 6f 62 61 6c 47 32 54 4c giCertGlobalG2TL
0460: 53 52 53 41 53 48 41 32 35 36 32 30 32 30 43 41 SRSASHA2562020CA
0470: 31 2d 31 2e 63 72 6c 30 48 a0 46 a0 44 86 42 68 1-1.crl0H.F.D.Bh
0480: 74 74 70 3a 2f 2f 63 72 6c 34 2e 64 69 67 69 63 ttp://crl4.digic
0490: 65 72 74 2e 63 6f 6d 2f 44 69 67 69 43 65 72 74 ert.com/DigiCert
04a0: 47 6c 6f 62 61 6c 47 32 54 4c 53 52 53 41 53 48 GlobalG2TLSRSASH
04b0: 41 32 35 36 32 30 32 30 43 41 31 2d 31 2e 63 72 A2562020CA1-1.cr
04c0: 6c 30 81 87 06 08 2b 06 01 05 05 07 01 01 04 7b l0....+........{
04d0: 30 79 30 24 06 08 2b 06 01 05 05 07 30 01 86 18 0y0$..+.....0...
04e0: 68 74 74 70 3a 2f 2f 6f 63 73 70 2e 64 69 67 69 http://ocsp.digi
04f0: 63 65 72 74 2e 63 6f 6d 30 51 06 08 2b 06 01 05 cert.com0Q..+...
0500: 05 07 30 02 86 45 68 74 74 70 3a 2f 2f 63 61 63 ..0..Ehttp://cac
0510: 65 72 74 73 2e 64 69 67 69 63 65 72 74 2e 63 6f erts.digicert.co
0520: 6d 2f 44 69 67 69 43 65 72 74 47 6c 6f 62 61 6c m/DigiCertGlobal
0530: 47 32 54 4c 53 52 53 41 53 48 41 32 35 36 32 30 G2TLSRSASHA25620
0540: 32 30 43 41 31 2d 31 2e 63 72 74 30 0c 06 03 55 20CA1-1.crt0...U
0550: 1d 13 01 01 ff 04 02 30 00 30 82 01 7c 06 0a 2b .......0.0..|..+
0560: 06 01 04 01 d6 79 02 04 02 04 82 01 6c 04 82 01 .....y......l...
0570: 68 01 66 00 76 00 12 f1 4e 34 bd 53 72 4c 84 06 h.f.v...N4.SrL..
0580: 19 c3 8f 3f 7a 13 f8 e7 b5 62 87 88 9c 6d 30 05 ...?z....b...m0.
0590: 84 eb e5 86 26 3a 00 00 01 91 ea 39 42 09 00 00 ....&:.....9B...
05a0: 04 03 00 47 30 45 02 20 4b c2 a0 bf 16 ad 4a 4a ...G0E. K.....JJ
05b0: e9 e1 6e 58 02 5d 14 7b 0f 65 14 30 00 da b6 6e ..nX.].{.e.0...n
05c0: 5a f7 fc fd d2 42 da a4 02 21 00 d1 0c 95 a6 8b Z....B...!......
05d0: 5a 88 97 96 9d 7a 5c 2b 75 fd 35 3f f7 34 9a 30 Z....z\+u.5?.4.0
05e0: d4 17 44 95 53 7b 62 75 13 04 2d 00 76 00 7d 59 ..D.S{bu..-.v.}Y
05f0: 1e 12 e1 78 2a 7b 1c 61 67 7c 5e fd f8 d0 87 5c ...x*{.ag|^....\
0600: 14 a0 4e 95 9e b9 03 2f d9 0e 8c 2e 79 b8 00 00 ..N..../....y...
0610: 01 91 ea 39 41 cc 00 00 04 03 00 47 30 45 02 21 ...9A......G0E.!
0620: 00 8e 17 d7 b5 76 d7 d2 f1 5c 94 bc 96 34 f6 53 .....v...\...4.S
0630: 96 d4 dd e7 0a d7 9b 08 17 1a f5 3c f2 7d ad 6a ...........<.}.j
0640: 19 02 20 72 1f d7 fe 86 5e be b2 1b 76 d8 b3 06 .. r....^...v...
0650: 0d 8e 33 09 e0 f3 65 b1 3d 9f 2b 95 6a 7b a2 0e ..3...e.=.+.j{..
0660: 2c 12 1f 00 74 00 e6 d2 31 63 40 77 8c c1 10 41 ,...t...1c@w...A
0670: 06 d7 71 b9 ce c1 d2 40 f6 96 84 86 fb ba 87 32 ..q....@.......2
0680: 1d fd 1e 37 8e 50 00 00 01 91 ea 39 41 e3 00 00 ...7.P.....9A...
0690: 04 03 00 45 30 43 02 1f 1a 72 c6 2f c6 b3 ea ce ...E0C...r./....
06a0: fc 3e c4 28 8d cb 8e 2e c6 f3 39 9b 46 7c 4a ae .>.(......9.F|J.
06b0: c0 79 f7 6c 4d f5 4c 02 20 59 b5 63 76 06 2e 79 .y.lM.L. Y.cv..y
06c0: 93 02 09 cb 9f 6e 41 4a 55 f8 1a 7d 6a 01 dc 27 .....nAJU..}j..'
06d0: c3 b9 33 28 1c 5c 1d 29 fe 30 0d 06 09 2a 86 48 ..3(.\.).0...*.H
06e0: 86 f7 0d 01 01 0b 05 00 03 82 01 01 00 30 76 06 .............0v.
06f0: 1b 23 24 1a 96 e0 70 1b 90 a4 80 a8 2b 2d 54 de .#$...p.....+-T.
0700: 71 57 b1 51 64 e0 7e 83 a1 e6 5e 93 79 7e bc c7 qW.Qd.~...^.y~..
0710: 89 21 71 e3 79 7f 1a 4a fa a4 f8 cc a3 f3 d2 4f .!q.y..J.......O
0720: 01 63 a7 aa fa e2 8d 72 97 bc cb b2 6b 1c 3b 37 .c.....r....k.;7
0730: 30 6e ff d8 fe da 63 9c 9e b3 ff 65 b9 cb 68 7f 0n....c....e..h.
0740: 14 a0 f6 27 52 ef 1c c9 fb 91 74 f6 89 5e b9 bb ...'R.....t..^..
0750: 76 bb 80 6b 89 2d 96 83 44 48 d1 4e ee 43 84 82 v..k.-..DH.N.C..
0760: f7 8d 24 b4 be 16 46 15 1c 28 e4 fc f0 b2 86 c3 ..$...F..(......
0770: 1c 1b 9c 9b 40 db 1e cc 89 f5 94 df 7a 63 e9 b0 ....@.......zc..
0780: 40 d1 e9 74 81 ea b6 c0 de 65 dc c7 eb 0b ec 76 @..t.....e.....v
0790: cd dc 24 d0 e3 ea 87 e5 82 4e 72 cf f3 11 aa 53 ..$......Nr....S
07a0: fd fe 04 f3 6a c7 a0 3a 51 77 7c 3b 55 7d c0 45 ....j..:Qw|;U}.E
07b0: bd 84 cb 71 da 48 a5 39 7e 53 b9 18 68 b1 a2 51 ...q.H.9~S..h..Q
07c0: 6b 50 2d 59 2e dc 4b 4f 01 cc 48 5a 9d 86 fc 75 kP-Y..KO..HZ...u
07d0: be 1f f3 45 f0 72 3f 2a 69 be ab 26 9c 40 35 ad ...E.r?*i..&.@5.
07e0: 8c a4 09 fd 43 b6 5b ad e3 29 77 33 4a 00 04 f8 ....C.[..)w3J...
07f0: 30 82 04 f4 30 82 03 dc a0 03 02 01 02 02 10 08 0...0...........
0800: 5f 94 c0 2d 85 7b e8 cc 14 ff 53 ed a2 3e 2a 30 _..-.{....S..>*0
0810: 0d 06 09 2a 86 48 86 f7 0d 01 01 0b 05 00 30 61 ...*.H........0a
0820: 31 0b 30 09 06 03 55 04 06 13 02 55 53 31 15 30 1.0...U....US1.0
0830: 13 06 03 55 04 0a 13 0c 44 69 67 69 43 65 72 74 ...U....DigiCert
0840: 20 49 6e 63 31 19 30 17 06 03 55 04 0b 13 10 77  Inc1.0...U....w
0850: 77 77 2e 64 69 67 69 63 65 72 74 2e 63 6f 6d 31 ww.digicert.com1
0860: 20 30 1e 06 03 55 04 03 13 17 44 69 67 69 43 65  0...U....DigiCe
0870: 72 74 20 47 6c 6f 62 61 6c 20 52 6f 6f 74 20 47 rt Global Root G
0880: 32 30 1e 17 0d 32 30 30 39 32 34 30 30 30 30 30 20...20092400000
0890: 30 5a 17 0d 33 30 30 39 32 33 32 33 35 39 35 39 0Z..300923235959
08a0: 5a 30 59 31 0b 30 09 06 03 55 04 06 13 02 55 53 Z0Y1.0...U....US
08b0: 31 15 30 13 06 03 55 04 0a 13 0c 44 69 67 69 43 1.0...U....DigiC
08c0: 65 72 74 20 49 6e 63 31 33 30 31 06 03 55 04 03 ert Inc1301..U..
08d0: 13 2a 44 69 67 69 43 65 72 74 20 47 6c 6f 62 61 .*DigiCert Globa
08e0: 6c 20 47 32 20 54 4c 53 20 52 53 41 20 53 48 41 l G2 TLS RSA SHA
08f0: 32 35 36 20 32 30 32 30 20 43 41 31 30 82 01 22 256 2020 CA10.."
0900: 30 0d 06 09 2a 86 48 86 f7 0d 01 01 01 05 00 03 0...*.H.........
0910: 82 01 0f 00 30 82 01 0a 02 82 01 01 00 cc f7 10 ....0...........
0920: 62 4f a6 bb 63 6f ed 90 52 56 c5 6d 27 7b 7a 12 bO..co..RV.m'{z.
0930: 56 8a f1 f4 f9 d6 e7 e1 8f bd 95 ab f2 60 41 15 V............`A.
0940: 70 db 12 00 fa 27 0a b5 57 38 5b 7d b2 51 93 71 p....'..W8[}.Q.q
0950: 95 0e 6a 41 94 5b 35 1b fa 7b fa bb c5 be 24 30 ..jA.[5..{....$0
0960: fe 56 ef c4 f3 7d 97 e3 14 f5 14 4d cb a7 10 f2 .V...}.....M....
0970: 16 ea ab 22 f0 31 22 11 61 69 90 26 ba 78 d9 97 ...".1".ai.&.x..
0980: 1f e3 7d 66 ab 75 44 95 73 c8 ac ff ef 5d 0a 8a ..}f.uD.s....]..
0990: 59 43 e1 ac b2 3a 0f f3 48 fc d7 6b 37 c1 63 dc YC...:..H..k7.c.
09a0: de 46 d6 db 45 fe 7d 23 fd 90 e8 51 07 1e 51 a3 .F..E.}#...Q..Q.
09b0: 5f ed 49 46 54 7f 2c 88 c5 f4 13 9c 97 15 3c 03 _.IFT.,.......<.
09c0: e8 a1 39 dc 69 0c 32 c1 af 16 57 4c 94 47 42 7c ..9.i.2...WL.GB|
09d0: a2 c8 9c 7d e6 d4 4d 54 af 42 99 a8 c1 04 c2 77 ...}..MT.B.....w
09e0: 9c d6 48 e4 ce 11 e0 2a 80 99 f0 43 70 cf 3f 76 ..H....*...Cp.?v
09f0: 6b d1 4c 49 ab 24 5e c2 0d 82 fd 46 a8 ab 6c 93 k.LI.$^....F..l.
0a00: cc 62 52 42 75 92 f8 9a fa 5e 5e b2 b0 61 e5 1f .bRBu....^^..a..
0a10: 1f b9 7f 09 98 e8 3d fa 83 7f 47 69 a1 02 03 01 ......=...Gi....
0a20: 00 01 a3 82 01 ae 30 82 01 aa 30 1d 06 03 55 1d ......0...0...U.
0a30: 0e 04 16 04 14 74 85 80 c0 66 c7 df 37 de cf bd .....t...f..7...
0a40: 29 37 aa 03 1d be ed cd 17 30 1f 06 03 55 1d 23 )7.......0...U.#
0a50: 04 18 30 16 80 14 4e 22 54 20 18 95 e6 e3 6e e6 ..0...N"T ....n.
0a60: 0f fa fa b9 12 ed 06 17 8f 39 30 0e 06 03 55 1d .........90...U.
0a70: 0f 01 01 ff 04 04 03 02 01 86 30 1d 06 03 55 1d ..........0...U.
0a80: 25 04 16 30 14 06 08 2b 06 01 05 05 07 03 01 06 %..0...+........
0a90: 08 2b 06 01 05 05 07 03 02 30 12 06 03 55 1d 13 .+.......0...U..
0aa0: 01 01 ff 04 08 30 06 01 01 ff 02 01 00 30 76 06 .....0.......0v.
0ab0: 08 2b 06 01 05 05 07 01 01 04 6a 30 68 30 24 06 .+........j0h0$.
0ac0: 08 2b 06 01 05 05 07 30 01 86 18 68 74 74 70 3a .+.....0...http:
0ad0: 2f 2f 6f 63 73 70 2e 64 69 67 69 63 65 72 74 2e //ocsp.digicert.
0ae0: 63 6f 6d 30 40 06 08 2b 06 01 05 05 07 30 02 86 com0@..+.....0..
0af0: 34 68 74 74 70 3a 2f 2f 63 61 63 65 72 74 73 2e 4http://cacerts.
0b00: 64 69 67 69 63 65 72 74 2e 63 6f 6d 2f 44 69 67 digicert.com/Dig
0b10: 69 43 65 72 74 47 6c 6f 62 61 6c 52 6f 6f 74 47 iCertGlobalRootG
0b20: 32 2e 63 72 74 30 7b 06 03 55 1d 1f 04 74 30 72 2.crt0{..U...t0r
0b30: 30 37 a0 35 a0 33 86 31 68 74 74 70 3a 2f 2f 63 07.5.3.1http://c
0b40: 72 6c 33 2e 64 69 67 69 63 65 72 74 2e 63 6f 6d rl3.digicert.com
0b50: 2f 44 69 67 69 43 65 72 74 47 6c 6f 62 61 6c 52 /DigiCertGlobalR
0b60: 6f 6f 74 47 32 2e 63 72 6c 30 37 a0 35 a0 33 86 ootG2.crl07.5.3.
0b70: 31 68 74 74 70 3a 2f 2f 63 72 6c 34 2e 64 69 67 1http://crl4.dig
0b80: 69 63 65 72 74 2e 63 6f 6d 2f 44 69 67 69 43 65 icert.com/DigiCe
0b90: 72 74 47 6c 6f 62 61 6c 52 6f 6f 74 47 32 2e 63 rtGlobalRootG2.c
0ba0: 72 6c 30 30 06 03 55 1d 20 04 29 30 27 30 07 06 rl00..U. .)0'0..
0bb0: 05 67 81 0c 01 01 30 08 06 06 67 81 0c 01 02 01 .g....0...g.....
0bc0: 30 08 06 06 67 81 0c 01 02 02 30 08 06 06 67 81 0...g.....0...g.
0bd0: 0c 01 02 03 30 0d 06 09 2a 86 48 86 f7 0d 01 01 ....0...*.H.....
0be0: 0b 05 00 03 82 01 01 00 75 8b c0 3c 5b ef ff 70 ........u..<[..p
0bf0: 5c 6b 8a f5 21 ef ac 31 e6 43 3d 80 af d7 55 a9 \k..!..1.C=...U.
0c00: 1e c3 8e 18 6c 79 d3 f7 ac 42 df 8f 88 c5 9d b4 ....ly...B......
0c10: 75 f3 c9 08 fd 8a fe 51 f3 f2 9d 20 1a 04 35 ce u......Q... ..5.
0c20: f8 b6 41 79 af ff cc 96 5e 94 d3 9a 1d 70 2e a2 ..Ay....^....p..
0c30: 31 8b fb a5 cc 7f 56 df 17 37 97 bf c1 8d 43 86 1.....V..7....C.
0c40: ab 8c 66 7e b9 ed 8b f1 0f 8c b5 d4 55 af 5c 89 ..f~........U.\.
0c50: 9e e0 a7 2a 6d b2 a3 63 32 18 3b cb de b5 9f 83 ...*m..c2.;.....
0c60: b3 11 01 ac 20 0d 90 97 12 b7 29 9c 35 b5 d7 91 .... .....).5...
0c70: 0e ef 40 6f 6d 5c 3b bd a1 d9 fb e2 cb 2e 76 40 ..@om\;.......v@
0c80: d2 3a bb 2c bf 16 0b ea bd 03 5b 4e 98 3a 2a ed .:.,......[N.:*.
0c90: 05 50 07 15 93 3c 73 39 91 94 5a 48 0e c6 d3 4a .P...<s9..ZH...J
0ca0: 01 af 66 39 b9 bd 42 34 1c db 08 03 f3 40 fc 12 ..f9..B4.....@..
0cb0: e8 ae 3c ab 8a d5 fb 72 79 64 a6 e3 0e 55 b1 3b ..<....ryd...U.;
0cc0: 95 3f ad 60 33 67 8a ac b6 a7 5c f0 ed 5a 52 1b .?.`3g....\..ZR.
0cd0: d4 61 e1 25 12 e6 07 b5 aa 94 b2 f0 28 f6 61 26 .a.%........(.a&
0ce0: 5e 55 1c f8 01 eb 77 71 00 03 92 30 82 03 8e 30 ^U....wq...0...0
0cf0: 82 02 76 a0 03 02 01 02 02 10 03 3a f1 e6 a7 11 ..v........:....
0d00: a9 a0 bb 28 64 b1 1d 09 fa e5 30 0d 06 09 2a 86 ...(d.....0...*.
0d10: 48 86 f7 0d 01 01 0b 05 00 30 61 31 0b 30 09 06 H........0a1.0..
0d20: 03 55 04 06 13 02 55 53 31 15 30 13 06 03 55 04 .U....US1.0...U.
0d30: 0a 13 0c 44 69 67 69 43 65 72 74 20 49 6e 63 31 ...DigiCert Inc1
0d40: 19 30 17 06 03 55 04 0b 13 10 77 77 77 2e 64 69 .0...U....www.di
0d50: 67 69 63 65 72 74 2e 63 6f 6d 31 20 30 1e 06 03 gicert.com1 0...
0d60: 55 04 03 13 17 44 69 67 69 43 65 72 74 20 47 6c U....DigiCert Gl
0d70: 6f 62 61 6c 20 52 6f 6f 74 20 47 32 30 1e 17 0d obal Root G20...
0d80: 31 33 30 38 30 31 31 32 30 30 30 30 5a 17 0d 33 130801120000Z..3
0d90: 38 30 31 31 35 31 32 30 30 30 30 5a 30 61 31 0b 80115120000Z0a1.
0da0: 30 09 06 03 55 04 06 13 02 55 53 31 15 30 13 06 0...U....US1.0..
0db0: 03 55 04 0a 13 0c 44 69 67 69 43 65 72 74 20 49 .U....DigiCert I
0dc0: 6e 63 31 19 30 17 06 03 55 04 0b 13 10 77 77 77 nc1.0...U....www
0dd0: 2e 64 69 67 69 63 65 72 74 2e 63 6f 6d 31 20 30 .digicert.com1 0
0de0: 1e 06 03 55 04 03 13 17 44 69 67 69 43 65 72 74 ...U....DigiCert
0df0: 20 47 6c 6f 62 61 6c 20 52 6f 6f 74 20 47 32 30  Global Root G20
0e00: 82 01 22 30 0d 06 09 2a 86 48 86 f7 0d 01 01 01 .."0...*.H......
0e10: 05 00 03 82 01 0f 00 30 82 01 0a 02 82 01 01 00 .......0........
0e20: bb 37 cd 34 dc 7b 6b c9 b2 68 90 ad 4a 75 ff 46 .7.4.{k..h..Ju.F
0e30: ba 21 0a 08 8d f5 19 54 c9 fb 88 db f3 ae f2 3a .!.....T.......:
0e40: 89 91 3c 7a e6 ab 06 1a 6b cf ac 2d e8 5e 09 24 ..<z....k..-.^.$
0e50: 44 ba 62 9a 7e d6 a3 a8 7e e0 54 75 20 05 ac 50 D.b.~...~.Tu ..P
0e60: b7 9c 63 1a 6c 30 dc da 1f 19 b1 d7 1e de fd d7 ..c.l0..........
0e70: e0 cb 94 83 37 ae ec 1f 43 4e dd 7b 2c d2 bd 2e ....7...CN.{,...
0e80: a5 2f e4 a9 b8 ad 3a d4 99 a4 b6 25 e9 9b 6b 00 ./....:....%..k.
0e90: 60 92 60 ff 4f 21 49 18 f7 67 90 ab 61 06 9c 8f `.`.O!I..g..a...
0ea0: f2 ba e9 b4 e9 92 32 6b b5 f3 57 e8 5d 1b cd 8c ......2k..W.]...
0eb0: 1d ab 95 04 95 49 f3 35 2d 96 e3 49 6d dd 77 e3 .....I.5-..Im.w.
0ec0: fb 49 4b b4 ac 55 07 a9 8f 95 b3 b4 23 bb 4c 6d .IK..U......#.Lm
0ed0: 45 f0 f6 a9 b2 95 30 b4 fd 4c 55 8c 27 4a 57 14 E.....0..LU.'JW.
0ee0: 7c 82 9d cd 73 92 d3 16 4a 06 0c 8c 50 d1 8f 1e |...s...J...P...
0ef0: 09 be 17 a1 e6 21 ca fd 83 e5 10 bc 83 a5 0a c4 .....!..........
0f00: 67 28 f6 73 14 14 3d 46 76 c3 87 14 89 21 34 4d g(.s..=Fv....!4M
0f10: af 0f 45 0c a6 49 a1 ba bb 9c c5 b1 33 83 29 85 ..E..I......3.).
0f20: 02 03 01 00 01 a3 42 30 40 30 0f 06 03 55 1d 13 ......B0@0...U..
0f30: 01 01 ff 04 05 30 03 01 01 ff 30 0e 06 03 55 1d .....0....0...U.
0f40: 0f 01 01 ff 04 04 03 02 01 86 30 1d 06 03 55 1d ..........0...U.
0f50: 0e 04 16 04 14 4e 22 54 20 18 95 e6 e3 6e e6 0f .....N"T ....n..
0f60: fa fa b9 12 ed 06 17 8f 39 30 0d 06 09 2a 86 48 ........90...*.H
0f70: 86 f7 0d 01 01 0b 05 00 03 82 01 01 00 60 67 28 .............`g(
0f80: 94 6f 0e 48 63 eb 31 dd ea 67 18 d5 89 7d 3c c5 .o.Hc.1..g...}<.
0f90: 8b 4a 7f e9 be db 2b 17 df b0 5f 73 77 2a 32 13 .J....+..._sw*2.
0fa0: 39 81 67 42 84 23 f2 45 67 35 ec 88 bf f8 8f b0 9.gB.#.Eg5......
0fb0: 61 0c 34 a4 ae 20 4c 84 c6 db f8 35 e1 76 d9 df a.4.. L....5.v..
0fc0: a6 42 bb c7 44 08 86 7f 36 74 24 5a da 6c 0d 14 .B..D...6t$Z.l..
0fd0: 59 35 bd f2 49 dd b6 1f c9 b3 0d 47 2a 3d 99 2f Y5..I......G*=./
0fe0: bb 5c bb b5 d4 20 e1 99 5f 53 46 15 db 68 9b f0 .\... .._SF..h..
0ff0: f3 30 d5 3e 31 e2 8d 84 9e e3 8a da da 96 3e 35 .0.>1.........>5
1000: 13 a5 5f f0 f9 70 50 70 47 41 11 57 19 4e c0 8f .._..pPpGA.W.N..
1010: ae 06 c4 95 13 17 2f 1b 25 9f 75 f2 b1 8e 99 a1 ....../.%.u.....
1020: 6f 13 b1 41 71 fe 88 2a c8 4f 10 20 55 d7 f3 14 o..Aq..*.O. U...
1030: 45 e5 e0 44 f4 ea 87 95 32 93 0e fe 53 46 fa 2c E..D....2...SF.,
1040: 9d ff 8b 22 b9 4b d9 09 45 a4 de a4 b8 9a 58 dd ...".K..E.....X.
1050: 1b 7d 52 9f 8e 59 43 88 81 a4 9e 26 d5 6f ad dd .}R..YC....&.o..
1060: 0d c6 37 7d ed 03 92 1b e5 77 5f 76 ee 3c 8d c4 ..7}.....w_v.<..
1070: 5d 56 5b a2 d9 66 6e b3 35 37 e5 32 b6          ]V[..fn.57.2.
<= Recv SSL data, 5 bytes (0x5)
0000: 16 03 03 02 51                                  ....Q
== Info: TLSv1.2 (IN), TLS handshake, Server key exchange (12):
<= Recv SSL data, 589 bytes (0x24d)
0000: 0c 00 02 49 03 00 17 41 04 30 e7 a4 9a ef c7 62 ...I...A.0.....b
0010: dd 02 01 71 c9 b8 41 2a 10 be 14 94 0f 3e 1c ce ...q..A*.....>..
0020: b1 0b cd ee 26 43 ac 05 71 bc 1f bf f4 59 9a 41 ....&C..q....Y.A
0030: f7 6d a8 7a e6 11 e5 de 40 07 7d 13 d6 e7 c4 a9 .m.z....@.}.....
0040: 1e a8 16 58 81 d0 e9 1a 58 06 01 02 00 7d 7b b2 ...X....X....}{.
0050: 06 af d7 a3 e5 ef dd 59 82 be 4e 49 4f 41 bd 7b .......Y..NIOA.{
0060: f6 54 52 46 c0 5b 6b 8d 71 85 48 45 d2 0b bf f8 .TRF.[k.q.HE....
0070: 02 9d be 6f b1 b8 c4 0f ac b0 9b 38 8e 54 31 d9 ...o.......8.T1.
0080: 6c a3 4c 62 16 40 75 ec 14 6f 9a d0 a4 a0 e0 9b l.Lb.@u..o......
0090: d3 87 c9 ac ba 84 bc 77 d8 93 19 bd 56 fe 53 03 .......w....V.S.
00a0: 85 bb dc 80 de 91 bd 33 fb 80 36 6c 36 0c 2d 51 .......3..6l6.-Q
00b0: f8 11 40 e0 72 62 03 d0 2e 89 19 20 c0 d4 bb e9 ..@.rb..... ....
00c0: f4 53 35 0e 21 c1 ee 69 10 57 b3 0b 05 8e 38 20 .S5.!..i.W....8 
00d0: 29 e0 af d6 08 0b fe a9 18 34 89 d3 73 10 8d f2 )........4..s...
00e0: 63 a6 a9 3e 36 0d 62 2f 6a c2 96 b2 bf f8 2c cc c..>6.b/j.....,.
00f0: e5 6e 29 ba cb 46 5a f5 ef e9 1d 1b e2 cf c1 ba .n)..FZ.........
0100: 64 b6 e9 dd 39 d6 74 38 50 27 8a 16 63 26 93 df d...9.t8P'..c&..
0110: 8c f9 f4 ef 85 5e 1c 45 4f 0b 73 b3 4c 2f da 18 .....^.EO.s.L/..
0120: b8 84 17 93 50 c5 33 1e e5 ca 8d 39 db 59 b3 76 ....P.3....9.Y.v
0130: 18 5f c7 0f ad 12 8b fb 8e 66 bd 48 80 8a 1e a6 ._.......f.H....
0140: 43 f3 b1 00 7a 24 a5 b0 e5 72 c6 e5 fe 0d dc b9 C...z$...r......
0150: 64 72 3e 07 e1 31 58 41 eb 7a fe 0d 6e 62 14 b4 dr>..1XA.z..nb..
0160: ce af 5e 17 30 00 96 d1 22 8e 46 e7 7e 78 6d fa ..^.0...".F.~xm.
0170: 44 f5 f7 87 6f 3f 30 5f 81 91 54 7d 4c 80 7a f8 D...o?0_..T}L.z.
0180: 81 da 6d c7 4c e0 bf c0 dd 24 d2 d1 6b 02 19 bc ..m.L....$..k...
0190: c1 86 f5 13 14 6d 44 6e d8 e0 ea 66 e5 06 4a f2 .....mDn...f..J.
01a0: c8 d3 81 2a 89 8a 79 d9 c1 e1 13 d7 10 51 c3 f9 ...*..y......Q..
01b0: 12 ae 86 1a 58 b6 14 24 c7 22 ab ef f3 35 5e 13 ....X..$."...5^.
01c0: b0 94 39 eb d3 dc 23 96 ec 3b 60 29 c9 e7 1d e1 ..9...#..;`)....
01d0: 6b 70 ec 4c a8 bb 5f 38 12 cd 23 35 01 96 df e5 kp.L.._8..#5....
01e0: cb d5 b6 fd b7 9e dd 8a 3e 25 f2 bf 5d 42 c3 5d ........>%..]B.]
01f0: b9 70 9b 7f f0 37 1d d5 91 d8 b3 65 56 cf d8 10 .p...7.....eV...
0200: e5 9d 41 25 c4 97 24 94 ea aa 18 57 22 07 87 f4 ..A%..$....W"...
0210: 11 a8 90 f2 1b 1f 86 82 41 f9 0b ee 75 3d 23 5d ........A...u=#]
0220: d4 e2 2a e3 b8 1d 2a b5 37 57 69 0a cf 3f fa 7d ..*...*.7Wi..?.}
0230: f1 3c 5a 71 f5 12 d3 c2 8f 97 86 bb 4f dd dd a2 .<Zq........O...
0240: 0b e0 4d f4 ad e6 4a e2 e6 92 d7 e9 61          ..M...J.....a
== Info: TLSv1.2 (IN), TLS handshake, Server finished (14):
<= Recv SSL data, 4 bytes (0x4)
0000: 0e 00 00 00                                     ....
=> Send SSL data, 5 bytes (0x5)
0000: 16 03 03 00 46                                  ....F
== Info: TLSv1.2 (OUT), TLS handshake, Client key exchange (16):
=> Send SSL data, 70 bytes (0x46)
0000: 10 00 00 42 41 04 4f e9 f4 97 c8 be 2e 3b 79 bd ...BA.O......;y.
0010: ac 0b 91 f2 f3 58 94 14 d3 88 d0 fa 7d 7a fc fe .....X......}z..
0020: 78 a2 47 b3 a0 b5 a2 84 3c f9 08 5a 62 11 3e fa x.G.....<..Zb.>.
0030: f1 1f 88 0f 24 31 ed 2c ef 0d 3b 08 29 96 49 6a ....$1.,..;.).Ij
0040: 25 eb 43 f7 98 57                               %.C..W
=> Send SSL data, 5 bytes (0x5)
0000: 14 03 03 00 01                                  .....
== Info: TLSv1.2 (OUT), TLS change cipher, Change cipher spec (1):
=> Send SSL data, 1 bytes (0x1)
0000: 01                                              .
=> Send SSL data, 5 bytes (0x5)
0000: 16 03 03 00 28                                  ....(
== Info: TLSv1.2 (OUT), TLS handshake, Finished (20):
=> Send SSL data, 16 bytes (0x10)
0000: 14 00 00 0c a9 17 64 61 88 a6 bc 53 11 0d e1 b2 ......da...S....
<= Recv SSL data, 5 bytes (0x5)
0000: 14 03 03 00 01                                  .....
<= Recv SSL data, 5 bytes (0x5)
0000: 16 03 03 00 28                                  ....(
== Info: TLSv1.2 (IN), TLS handshake, Finished (20):
<= Recv SSL data, 16 bytes (0x10)
0000: 14 00 00 0c f1 d8 f5 b3 ec ba 8e e8 ef 7e fc 8a .............~..
== Info: SSL connection using TLSv1.2 / ECDHE-RSA-AES256-GCM-SHA384 / secp256r1 / rsaEncryption
== Info: ALPN: server accepted http/1.1
== Info: Server certificate:
== Info:  subject: C=AT; L=Wien; O=ÖBB-Business Competence Center GmbH; CN=*.nightjet.com
== Info:  start date: Sep 13 00:00:00 2024 GMT
== Info:  expire date: Sep 18 23:59:59 2025 GMT
== Info:  subjectAltName: host "www.nightjet.com" matched cert's "*.nightjet.com"
== Info:  issuer: C=US; O=DigiCert Inc; CN=DigiCert Global G2 TLS RSA SHA256 2020 CA1
== Info:  SSL certificate verify ok.
== Info:   Certificate level 0: Public key type RSA (4096/152 Bits/secBits), signed using sha256WithRSAEncryption
== Info:   Certificate level 1: Public key type RSA (2048/112 Bits/secBits), signed using sha256WithRSAEncryption
== Info:   Certificate level 2: Public key type RSA (2048/112 Bits/secBits), signed using sha256WithRSAEncryption
== Info: Connected to www.nightjet.com (195.69.192.144) port 443
== Info: using HTTP/1.x
=> Send SSL data, 5 bytes (0x5)
0000: 17 03 03 01 43                                  ....C
=> Send header, 299 bytes (0x12b)
0000: 50 4f 53 54 20 2f 6e 6a 2d 62 6f 6f 6b 69 6e 67 POST /nj-booking
0010: 2d 6f 63 70 2f 6f 66 66 65 72 2f 67 65 74 20 48 -ocp/offer/get H
0020: 54 54 50 2f 31 2e 31 0d 0a 48 6f 73 74 3a 20 77 TTP/1.1..Host: w
0030: 77 77 2e 6e 69 67 68 74 6a 65 74 2e 63 6f 6d 0d ww.nightjet.com.
0040: 0a 55 73 65 72 2d 41 67 65 6e 74 3a 20 63 75 72 .User-Agent: cur
0050: 6c 2f 38 2e 31 34 2e 31 0d 0a 41 63 63 65 70 74 l/8.14.1..Accept
0060: 3a 20 2a 2f 2a 0d 0a 43 6f 6e 74 65 6e 74 2d 54 : */*..Content-T
0070: 79 70 65 3a 20 61 70 70 6c 69 63 61 74 69 6f 6e ype: application
0080: 2f 6a 73 6f 6e 0d 0a 78 2d 74 6f 6b 65 6e 3a 20 /json..x-token: 
0090: 65 79 4a 68 62 47 63 69 4f 69 4a 49 55 7a 49 31 eyJhbGciOiJIUzI1
00a0: 4e 69 4a 39 2e 65 79 4a 6c 65 48 41 69 4f 6a 45 NiJ9.eyJleHAiOjE
00b0: 33 4e 54 55 31 4d 7a 63 77 4d 6a 55 73 49 6e 42 3NTU1MzcwMjUsInB
00c0: 31 59 6d 78 70 59 30 6c 6b 49 6a 6f 69 59 57 5a 1YmxpY0lkIjoiYWZ
00d0: 69 5a 6a 4d 33 4e 7a 42 6a 5a 47 55 32 4e 44 6c iZjM3NzBjZGU2NDl
00e0: 6c 4e 54 67 32 5a 47 4a 69 4d 57 59 79 4f 54 49 lNTg2ZGJiMWYyOTI
00f0: 78 4e 32 4e 6b 59 57 55 69 66 51 2e 46 71 5a 4d xN2NkYWUifQ.FqZM
0100: 42 65 4f 52 66 31 53 76 58 7a 48 42 4f 67 77 76 BeORf1SvXzHBOgwv
0110: 50 6f 54 69 37 78 50 68 62 71 34 74 62 49 67 38 PoTi7xPhbq4tbIg8
0120: 4b 4d 53 58 35 65 49 0d 0a 0d 0a                KMSX5eI....
== Info: Request completely sent off
<= Recv SSL data, 5 bytes (0x5)
0000: 17 03 03 01 ab                                  .....
<= Recv header, 17 bytes (0x11)
0000: 48 54 54 50 2f 31 2e 31 20 32 30 30 20 4f 4b 0d HTTP/1.1 200 OK.
0010: 0a                                              .
<= Recv header, 46 bytes (0x2e)
0000: 63 61 63 68 65 2d 63 6f 6e 74 72 6f 6c 3a 20 70 cache-control: p
0010: 72 69 76 61 74 65 2c 20 69 6d 6d 75 74 61 62 6c rivate, immutabl
0020: 65 2c 20 6d 61 78 2d 61 67 65 3d 30 0d 0a       e, max-age=0..
<= Recv header, 37 bytes (0x25)
0000: 64 61 74 65 3a 20 4d 6f 6e 2c 20 31 31 20 41 75 date: Mon, 11 Au
0010: 67 20 32 30 32 35 20 31 38 3a 31 32 3a 32 38 20 g 2025 18:12:28 
0020: 47 4d 54 0d 0a                                  GMT..
<= Recv header, 32 bytes (0x20)
0000: 63 6f 6e 74 65 6e 74 2d 74 79 70 65 3a 20 61 70 content-type: ap
0010: 70 6c 69 63 61 74 69 6f 6e 2f 6a 73 6f 6e 0d 0a plication/json..
<= Recv header, 20 bytes (0x14)
0000: 63 6f 6e 74 65 6e 74 2d 6c 65 6e 67 74 68 3a 20 content-length: 
0010: 38 34 0d 0a                                     84..
<= Recv header, 120 bytes (0x78)
0000: 73 65 74 2d 63 6f 6f 6b 69 65 3a 20 33 34 64 35 set-cookie: 34d5
0010: 64 33 62 37 63 32 62 38 31 38 31 31 63 65 35 64 d3b7c2b81811ce5d
0020: 38 63 34 39 30 61 32 30 66 33 30 66 3d 63 65 39 8c490a20f30f=ce9
0030: 62 66 61 62 63 38 38 62 64 35 36 38 62 61 63 37 bfabc88bd568bac7
0040: 39 37 32 38 65 62 63 32 30 32 66 35 37 3b 20 70 9728ebc202f57; p
0050: 61 74 68 3d 2f 3b 20 48 74 74 70 4f 6e 6c 79 3b ath=/; HttpOnly;
0060: 20 53 65 63 75 72 65 3b 20 53 61 6d 65 53 69 74  Secure; SameSit
0070: 65 3d 4e 6f 6e 65 0d 0a                         e=None..
<= Recv header, 45 bytes (0x2d)
0000: 53 74 72 69 63 74 2d 54 72 61 6e 73 70 6f 72 74 Strict-Transport
0010: 2d 53 65 63 75 72 69 74 79 3a 20 6d 61 78 2d 61 -Security: max-a
0020: 67 65 3d 33 31 35 33 36 30 30 30 0d 0a          ge=31536000..
<= Recv header, 2 bytes (0x2)
0000: 0d 0a                                           ..
<= Recv data, 84 bytes (0x54)
0000: 7b 22 65 72 72 6f 72 22 3a 22 52 65 71 75 69 72 {"error":"Requir
0010: 65 64 20 42 6f 64 79 20 5b 6f 66 66 65 72 52 65 ed Body [offerRe
0020: 71 75 65 73 74 5d 20 6e 6f 74 20 73 70 65 63 69 quest] not speci
0030: 66 69 65 64 22 2c 22 6f 6b 22 3a 66 61 6c 73 65 fied","ok":false
0040: 2c 22 72 65 73 70 6f 6e 73 65 43 6f 64 65 22 3a ,"responseCode":
0050: 35 30 30 7d                                     500}
== Info: Connection #1 to host www.nightjet.com left intact
